2024-05-13 12:47:22,381 INFO (StartupInfoLogger.java:51)- Starting ApplicationTests using Java 19.0.1 with PID 95737 (started by michael in /Users/michael/Documents/JavaProject/agv_WTools)
2024-05-13 12:47:22,384 INFO (SpringApplication.java:634)- No active profile set, falling back to 1 default profile: "default"
2024-05-13 12:47:23,200 INFO (Slf4jMLog.java:212)- MLog clients using slf4j logging.
2024-05-13 12:47:23,336 INFO (Slf4jMLog.java:212)- Initializing c3p0-0.9.5.5 [built 11-December-2019 22:18:33 -0800; debug? true; trace: 10]
2024-05-13 12:47:23,479 INFO (Slf4jMLog.java:212)- Initializing c3p0 pool... com.mchange.v2.c3p0.ComboPooledDataSource [ acquireIncrement -> 3, acquireRetryAttempts -> 30, acquireRetryDelay -> 1000, autoCommitOnClose -> false, automaticTestTable -> null, breakAfterAcquireFailure -> false, checkoutTimeout -> 0, connectionCustomizerClassName -> null, connectionTesterClassName -> com.mchange.v2.c3p0.impl.DefaultConnectionTester, contextClassLoaderSource -> caller, dataSourceName -> 2sbkolb3v5i2596is2je|2c413ffc, debugUnreturnedConnectionStackTraces -> true, description -> null, driverClass -> com.mysql.cj.jdbc.Driver, extensions -> {}, factoryClassLocation -> null, forceIgnoreUnresolvedTransactions -> false, forceSynchronousCheckins -> false, forceUseNamedDriverClass -> false, identityToken -> 2sbkolb3v5i2596is2je|2c413ffc, idleConnectionTestPeriod -> 0, initialPoolSize -> 3, jdbcUrl -> jdbc:mysql://localhost:3306/AGV_WTools?zeroDateTimeBehavior=convertToNull&serverTimezone=Asia/Taipei&characterEncoding=utf-8&useUnicode=true, maxAdministrativeTaskTime -> 0, maxConnectionAge -> 3600, maxIdleTime -> 0, maxIdleTimeExcessConnections -> 60, maxPoolSize -> 15, maxStatements -> 0, maxStatementsPerConnection -> 0, minPoolSize -> 3, numHelperThreads -> 3, preferredTestQuery -> null, privilegeSpawnedThreads -> false, properties -> {password=******, user=******}, propertyCycle -> 0, statementCacheNumDeferredCloseThreads -> 0, testConnectionOnCheckin -> false, testConnectionOnCheckout -> false, unreturnedConnectionTimeout -> 0, userOverrides -> {}, usesTraditionalReflectiveProxies -> false ]
2024-05-13 12:47:23,973 INFO (AGVManager.java:45)- Initialize agvMap: {1=AGV(id=1, status=OFFLINE, place=null, battery=0, signal=0, iScan=false, task=null, taskStatus=NO_TASK, title=AMR_1, lastAgvSystemStatusData=null, iLowBattery=false, lowBatteryCount=0, reDispatchCount=0, tagError=false, fixAgvTagErrorCompleted=false, tagErrorDispatchCompleted=false, lastTaskBuffer=false, obstacleCount=0, scanCountForHandleNotExecutingTaskRedispatch=0, iAlarm=false), 2=AGV(id=2, status=OFFLINE, place=null, battery=0, signal=0, iScan=false, task=null, taskStatus=NO_TASK, title=AMR_2, lastAgvSystemStatusData=null, iLowBattery=false, lowBatteryCount=0, reDispatchCount=0, tagError=false, fixAgvTagErrorCompleted=false, tagErrorDispatchCompleted=false, lastTaskBuffer=false, obstacleCount=0, scanCountForHandleNotExecutingTaskRedispatch=0, iAlarm=false), 3=AGV(id=3, status=OFFLINE, place=null, battery=0, signal=0, iScan=false, task=null, taskStatus=NO_TASK, title=AMR_3, lastAgvSystemStatusData=null, iLowBattery=false, lowBatteryCount=0, reDispatchCount=0, tagError=false, fixAgvTagErrorCompleted=false, tagErrorDispatchCompleted=false, lastTaskBuffer=false, obstacleCount=0, scanCountForHandleNotExecutingTaskRedispatch=0, iAlarm=false)}
2024-05-13 12:47:24,060 INFO (GridManager.java:38)- Initialize gridMap: {2-T-10=Grid(gridName=2-T-10, id=78, status=FREE), 2-A-14=Grid(gridName=2-A-14, id=92, status=FREE), 2-A-15=Grid(gridName=2-A-15, id=93, status=FREE), 2-A-12=Grid(gridName=2-A-12, id=90, status=FREE), 2-A-13=Grid(gridName=2-A-13, id=91, status=FREE), 3-R-5=Grid(gridName=3-R-5, id=64, status=FREE), 2-A-18=Grid(gridName=2-A-18, id=96, status=FREE), 3-R-6=Grid(gridName=3-R-6, id=65, status=FREE), 2-A-19=Grid(gridName=2-A-19, id=97, status=FREE), 3-R-7=Grid(gridName=3-R-7, id=66, status=FREE), 2-A-16=Grid(gridName=2-A-16, id=94, status=FREE), 3-R-8=Grid(gridName=3-R-8, id=67, status=FREE), 2-A-17=Grid(gridName=2-A-17, id=95, status=FREE), 2-T-2=Grid(gridName=2-T-2, id=70, status=FREE), 2-T-3=Grid(gridName=2-T-3, id=71, status=FREE), 2-T-1=Grid(gridName=2-T-1, id=69, status=FREE), 2-A-10=Grid(gridName=2-A-10, id=88, status=FREE), 2-A-11=Grid(gridName=2-A-11, id=89, status=FREE), 1-R-1=Grid(gridName=1-R-1, id=9, status=FREE), 1-R-2=Grid(gridName=1-R-2, id=10, status=FREE), 3-B-1=Grid(gridName=3-B-1, id=26, status=FREE), 3-B-2=Grid(gridName=3-B-2, id=27, status=FREE), 3-B-3=Grid(gridName=3-B-3, id=28, status=FREE), 3-B-4=Grid(gridName=3-B-4, id=29, status=FREE), 2-T-8=Grid(gridName=2-T-8, id=76, status=FREE), 2-T-9=Grid(gridName=2-T-9, id=77, status=FREE), 3-B-5=Grid(gridName=3-B-5, id=30, status=FREE), 2-T-6=Grid(gridName=2-T-6, id=74, status=FREE), 3-B-6=Grid(gridName=3-B-6, id=31, status=FREE), 2-T-7=Grid(gridName=2-T-7, id=75, status=FREE), 3-B-7=Grid(gridName=3-B-7, id=32, status=FREE), 2-T-4=Grid(gridName=2-T-4, id=72, status=FREE), 3-B-8=Grid(gridName=3-B-8, id=33, status=FREE), 2-T-5=Grid(gridName=2-T-5, id=73, status=FREE), 3-R-1=Grid(gridName=3-R-1, id=60, status=FREE), 3-R-2=Grid(gridName=3-R-2, id=61, status=FREE), 3-S=Grid(gridName=3-S, id=68, status=FREE), 3-R-3=Grid(gridName=3-R-3, id=62, status=FREE), 3-R-4=Grid(gridName=3-R-4, id=63, status=FREE), 2-A-9=Grid(gridName=2-A-9, id=87, status=FREE), 2-A-7=Grid(gridName=2-A-7, id=85, status=FREE), 2-A-8=Grid(gridName=2-A-8, id=86, status=FREE), 2-A-5=Grid(gridName=2-A-5, id=83, status=FREE), 2-A-6=Grid(gridName=2-A-6, id=84, status=FREE), 2-A-3=Grid(gridName=2-A-3, id=81, status=FREE), 2-A-4=Grid(gridName=2-A-4, id=82, status=FREE), 2-A-1=Grid(gridName=2-A-1, id=79, status=FREE), 2-A-2=Grid(gridName=2-A-2, id=80, status=FREE), 3-C-1=Grid(gridName=3-C-1, id=34, status=BOOKED), 3-C-2=Grid(gridName=3-C-2, id=35, status=BOOKED), 3-C-3=Grid(gridName=3-C-3, id=36, status=BOOKED), 3-C-8=Grid(gridName=3-C-8, id=41, status=FREE), 3-C-9=Grid(gridName=3-C-9, id=42, status=FREE), 3-C-4=Grid(gridName=3-C-4, id=37, status=BOOKED), 3-C-5=Grid(gridName=3-C-5, id=38, status=FREE), 3-C-6=Grid(gridName=3-C-6, id=39, status=FREE), 3-C-7=Grid(gridName=3-C-7, id=40, status=FREE), 2-S=Grid(gridName=2-S, id=99, status=FREE), 3-T-7=Grid(gridName=3-T-7, id=18, status=FREE), 3-T-8=Grid(gridName=3-T-8, id=19, status=FREE), 3-T-3=Grid(gridName=3-T-3, id=14, status=FREE), 3-T-4=Grid(gridName=3-T-4, id=15, status=FREE), 3-T-5=Grid(gridName=3-T-5, id=16, status=FREE), 3-T-6=Grid(gridName=3-T-6, id=17, status=FREE), 1-T-1=Grid(gridName=1-T-1, id=1, status=BOOKED), 1-T-2=Grid(gridName=1-T-2, id=2, status=BOOKED), 1-T-3=Grid(gridName=1-T-3, id=3, status=BOOKED), 1-T-4=Grid(gridName=1-T-4, id=4, status=BOOKED), 1-T-5=Grid(gridName=1-T-5, id=5, status=FREE), E-1=Grid(gridName=E-1, id=100, status=FREE), 1-T-6=Grid(gridName=1-T-6, id=6, status=FREE), 1-T-7=Grid(gridName=1-T-7, id=7, status=FREE), 3-D-1=Grid(gridName=3-D-1, id=52, status=FREE), E-3=Grid(gridName=E-3, id=102, status=FREE), 1-T-8=Grid(gridName=1-T-8, id=8, status=FREE), 3-D-2=Grid(gridName=3-D-2, id=53, status=FREE), E-2=Grid(gridName=E-2, id=101, status=FREE), E-5=Grid(gridName=E-5, id=104, status=FREE), E-4=Grid(gridName=E-4, id=103, status=FREE), E-7=Grid(gridName=E-7, id=106, status=FREE), E-6=Grid(gridName=E-6, id=105, status=FREE), 3-D-7=Grid(gridName=3-D-7, id=58, status=FREE), 3-D-8=Grid(gridName=3-D-8, id=59, status=FREE), E-8=Grid(gridName=E-8, id=107, status=FREE), 3-D-3=Grid(gridName=3-D-3, id=54, status=FREE), 3-D-4=Grid(gridName=3-D-4, id=55, status=FREE), 3-D-5=Grid(gridName=3-D-5, id=56, status=FREE), 1-S=Grid(gridName=1-S, id=11, status=FREE), 3-D-6=Grid(gridName=3-D-6, id=57, status=FREE), 3-T-1=Grid(gridName=3-T-1, id=12, status=FREE), 3-T-2=Grid(gridName=3-T-2, id=13, status=FREE), 3-C-10=Grid(gridName=3-C-10, id=43, status=FREE), 3-C-11=Grid(gridName=3-C-11, id=44, status=FREE), 3-C-12=Grid(gridName=3-C-12, id=45, status=FREE), 3-C-13=Grid(gridName=3-C-13, id=46, status=FREE), 3-C-14=Grid(gridName=3-C-14, id=47, status=FREE), 3-A-2=Grid(gridName=3-A-2, id=21, status=FREE), 3-C-15=Grid(gridName=3-C-15, id=48, status=FREE), 3-A-3=Grid(gridName=3-A-3, id=22, status=FREE), 3-C-16=Grid(gridName=3-C-16, id=49, status=FREE), 3-A-4=Grid(gridName=3-A-4, id=23, status=FREE), 3-C-17=Grid(gridName=3-C-17, id=50, status=FREE), 3-A-5=Grid(gridName=3-A-5, id=24, status=FREE), 3-C-18=Grid(gridName=3-C-18, id=51, status=FREE), 3-A-1=Grid(gridName=3-A-1, id=20, status=FREE), 2-A-20=Grid(gridName=2-A-20, id=98, status=FREE), 3-A-6=Grid(gridName=3-A-6, id=25, status=FREE)}
2024-05-13 12:47:24,073 INFO (TaskListManager.java:55)- Initialize taskListMap: {1=null, 2=null}
2024-05-13 12:47:24,216 ERROR (SettingService.java:36)- Failed to load application.yml
2024-05-13 12:47:24,217 INFO (SettingService.java:39)- Config file path: /Users/michael/Documents/JavaProject/agv_WTools/application.yml
2024-05-13 12:47:24,708 INFO (StartupInfoLogger.java:57)- Started ApplicationTests in 2.757 seconds (process running for 3.681)
2024-05-13 12:47:24,861 WARN (AGVInstantStatus.java:444)- Traffic Control is not connected
2024-05-13 12:47:25,646 INFO (ElevatorSocketBox.java:152)- Closing Socket...
2024-05-13 12:47:25,646 WARN (ElevatorSocketBox.java:162)- Unsuccessful connection to ElevatorSocketBox
2024-05-13 12:47:25,647 INFO (ElevatorSocketBox.java:177)- All SocketThread has been terminated!
2024-05-13 12:47:25,648 WARN (ElevatorSocketBox.java:204)- Failed to connect to ElevatorSocketBox, try again later...
2024-05-13 12:55:23,297 INFO (StartupInfoLogger.java:51)- Starting ApplicationTests using Java 19.0.1 with PID 95844 (started by michael in /Users/michael/Documents/JavaProject/agv_WTools)
2024-05-13 12:55:23,299 INFO (SpringApplication.java:634)- No active profile set, falling back to 1 default profile: "default"
2024-05-13 12:55:24,088 INFO (Slf4jMLog.java:212)- MLog clients using slf4j logging.
2024-05-13 12:55:24,221 INFO (Slf4jMLog.java:212)- Initializing c3p0-0.9.5.5 [built 11-December-2019 22:18:33 -0800; debug? true; trace: 10]
2024-05-13 12:55:24,332 INFO (Slf4jMLog.java:212)- Initializing c3p0 pool... com.mchange.v2.c3p0.ComboPooledDataSource [ acquireIncrement -> 3, acquireRetryAttempts -> 30, acquireRetryDelay -> 1000, autoCommitOnClose -> false, automaticTestTable -> null, breakAfterAcquireFailure -> false, checkoutTimeout -> 0, connectionCustomizerClassName -> null, connectionTesterClassName -> com.mchange.v2.c3p0.impl.DefaultConnectionTester, contextClassLoaderSource -> caller, dataSourceName -> 2sbkolb3v5sd7cwefjnq|25f723b0, debugUnreturnedConnectionStackTraces -> true, description -> null, driverClass -> com.mysql.cj.jdbc.Driver, extensions -> {}, factoryClassLocation -> null, forceIgnoreUnresolvedTransactions -> false, forceSynchronousCheckins -> false, forceUseNamedDriverClass -> false, identityToken -> 2sbkolb3v5sd7cwefjnq|25f723b0, idleConnectionTestPeriod -> 0, initialPoolSize -> 3, jdbcUrl -> jdbc:mysql://localhost:3306/AGV_WTools?zeroDateTimeBehavior=convertToNull&serverTimezone=Asia/Taipei&characterEncoding=utf-8&useUnicode=true, maxAdministrativeTaskTime -> 0, maxConnectionAge -> 3600, maxIdleTime -> 0, maxIdleTimeExcessConnections -> 60, maxPoolSize -> 15, maxStatements -> 0, maxStatementsPerConnection -> 0, minPoolSize -> 3, numHelperThreads -> 3, preferredTestQuery -> null, privilegeSpawnedThreads -> false, properties -> {password=******, user=******}, propertyCycle -> 0, statementCacheNumDeferredCloseThreads -> 0, testConnectionOnCheckin -> false, testConnectionOnCheckout -> false, unreturnedConnectionTimeout -> 0, userOverrides -> {}, usesTraditionalReflectiveProxies -> false ]
2024-05-13 12:55:24,837 INFO (AGVManager.java:45)- Initialize agvMap: {1=AGV(id=1, status=OFFLINE, place=null, battery=0, signal=0, iScan=false, task=null, taskStatus=NO_TASK, title=AMR_1, lastAgvSystemStatusData=null, iLowBattery=false, lowBatteryCount=0, reDispatchCount=0, tagError=false, fixAgvTagErrorCompleted=false, tagErrorDispatchCompleted=false, lastTaskBuffer=false, obstacleCount=0, scanCountForHandleNotExecutingTaskRedispatch=0, iAlarm=false), 2=AGV(id=2, status=OFFLINE, place=null, battery=0, signal=0, iScan=false, task=null, taskStatus=NO_TASK, title=AMR_2, lastAgvSystemStatusData=null, iLowBattery=false, lowBatteryCount=0, reDispatchCount=0, tagError=false, fixAgvTagErrorCompleted=false, tagErrorDispatchCompleted=false, lastTaskBuffer=false, obstacleCount=0, scanCountForHandleNotExecutingTaskRedispatch=0, iAlarm=false), 3=AGV(id=3, status=OFFLINE, place=null, battery=0, signal=0, iScan=false, task=null, taskStatus=NO_TASK, title=AMR_3, lastAgvSystemStatusData=null, iLowBattery=false, lowBatteryCount=0, reDispatchCount=0, tagError=false, fixAgvTagErrorCompleted=false, tagErrorDispatchCompleted=false, lastTaskBuffer=false, obstacleCount=0, scanCountForHandleNotExecutingTaskRedispatch=0, iAlarm=false)}
2024-05-13 12:55:24,902 INFO (GridManager.java:38)- Initialize gridMap: {2-T-10=Grid(gridName=2-T-10, id=78, status=FREE), 2-A-14=Grid(gridName=2-A-14, id=92, status=FREE), 2-A-15=Grid(gridName=2-A-15, id=93, status=FREE), 2-A-12=Grid(gridName=2-A-12, id=90, status=FREE), 2-A-13=Grid(gridName=2-A-13, id=91, status=FREE), 3-R-5=Grid(gridName=3-R-5, id=64, status=FREE), 2-A-18=Grid(gridName=2-A-18, id=96, status=FREE), 3-R-6=Grid(gridName=3-R-6, id=65, status=FREE), 2-A-19=Grid(gridName=2-A-19, id=97, status=FREE), 3-R-7=Grid(gridName=3-R-7, id=66, status=FREE), 2-A-16=Grid(gridName=2-A-16, id=94, status=FREE), 3-R-8=Grid(gridName=3-R-8, id=67, status=FREE), 2-A-17=Grid(gridName=2-A-17, id=95, status=FREE), 2-T-2=Grid(gridName=2-T-2, id=70, status=FREE), 2-T-3=Grid(gridName=2-T-3, id=71, status=FREE), 2-T-1=Grid(gridName=2-T-1, id=69, status=FREE), 2-A-10=Grid(gridName=2-A-10, id=88, status=FREE), 2-A-11=Grid(gridName=2-A-11, id=89, status=FREE), 1-R-1=Grid(gridName=1-R-1, id=9, status=FREE), 1-R-2=Grid(gridName=1-R-2, id=10, status=FREE), 3-B-1=Grid(gridName=3-B-1, id=26, status=FREE), 3-B-2=Grid(gridName=3-B-2, id=27, status=FREE), 3-B-3=Grid(gridName=3-B-3, id=28, status=FREE), 3-B-4=Grid(gridName=3-B-4, id=29, status=FREE), 2-T-8=Grid(gridName=2-T-8, id=76, status=FREE), 2-T-9=Grid(gridName=2-T-9, id=77, status=FREE), 3-B-5=Grid(gridName=3-B-5, id=30, status=FREE), 2-T-6=Grid(gridName=2-T-6, id=74, status=FREE), 3-B-6=Grid(gridName=3-B-6, id=31, status=FREE), 2-T-7=Grid(gridName=2-T-7, id=75, status=FREE), 3-B-7=Grid(gridName=3-B-7, id=32, status=FREE), 2-T-4=Grid(gridName=2-T-4, id=72, status=FREE), 3-B-8=Grid(gridName=3-B-8, id=33, status=FREE), 2-T-5=Grid(gridName=2-T-5, id=73, status=FREE), 3-R-1=Grid(gridName=3-R-1, id=60, status=FREE), 3-R-2=Grid(gridName=3-R-2, id=61, status=FREE), 3-S=Grid(gridName=3-S, id=68, status=FREE), 3-R-3=Grid(gridName=3-R-3, id=62, status=FREE), 3-R-4=Grid(gridName=3-R-4, id=63, status=FREE), 2-A-9=Grid(gridName=2-A-9, id=87, status=FREE), 2-A-7=Grid(gridName=2-A-7, id=85, status=FREE), 2-A-8=Grid(gridName=2-A-8, id=86, status=FREE), 2-A-5=Grid(gridName=2-A-5, id=83, status=FREE), 2-A-6=Grid(gridName=2-A-6, id=84, status=FREE), 2-A-3=Grid(gridName=2-A-3, id=81, status=FREE), 2-A-4=Grid(gridName=2-A-4, id=82, status=FREE), 2-A-1=Grid(gridName=2-A-1, id=79, status=FREE), 2-A-2=Grid(gridName=2-A-2, id=80, status=FREE), 3-C-1=Grid(gridName=3-C-1, id=34, status=BOOKED), 3-C-2=Grid(gridName=3-C-2, id=35, status=BOOKED), 3-C-3=Grid(gridName=3-C-3, id=36, status=BOOKED), 3-C-8=Grid(gridName=3-C-8, id=41, status=FREE), 3-C-9=Grid(gridName=3-C-9, id=42, status=FREE), 3-C-4=Grid(gridName=3-C-4, id=37, status=BOOKED), 3-C-5=Grid(gridName=3-C-5, id=38, status=FREE), 3-C-6=Grid(gridName=3-C-6, id=39, status=FREE), 3-C-7=Grid(gridName=3-C-7, id=40, status=FREE), 2-S=Grid(gridName=2-S, id=99, status=FREE), 3-T-7=Grid(gridName=3-T-7, id=18, status=FREE), 3-T-8=Grid(gridName=3-T-8, id=19, status=FREE), 3-T-3=Grid(gridName=3-T-3, id=14, status=FREE), 3-T-4=Grid(gridName=3-T-4, id=15, status=FREE), 3-T-5=Grid(gridName=3-T-5, id=16, status=FREE), 3-T-6=Grid(gridName=3-T-6, id=17, status=FREE), 1-T-1=Grid(gridName=1-T-1, id=1, status=BOOKED), 1-T-2=Grid(gridName=1-T-2, id=2, status=BOOKED), 1-T-3=Grid(gridName=1-T-3, id=3, status=BOOKED), 1-T-4=Grid(gridName=1-T-4, id=4, status=BOOKED), 1-T-5=Grid(gridName=1-T-5, id=5, status=FREE), E-1=Grid(gridName=E-1, id=100, status=FREE), 1-T-6=Grid(gridName=1-T-6, id=6, status=FREE), 1-T-7=Grid(gridName=1-T-7, id=7, status=FREE), 3-D-1=Grid(gridName=3-D-1, id=52, status=FREE), E-3=Grid(gridName=E-3, id=102, status=FREE), 1-T-8=Grid(gridName=1-T-8, id=8, status=FREE), 3-D-2=Grid(gridName=3-D-2, id=53, status=FREE), E-2=Grid(gridName=E-2, id=101, status=FREE), E-5=Grid(gridName=E-5, id=104, status=FREE), E-4=Grid(gridName=E-4, id=103, status=FREE), E-7=Grid(gridName=E-7, id=106, status=FREE), E-6=Grid(gridName=E-6, id=105, status=FREE), 3-D-7=Grid(gridName=3-D-7, id=58, status=FREE), 3-D-8=Grid(gridName=3-D-8, id=59, status=FREE), E-8=Grid(gridName=E-8, id=107, status=FREE), 3-D-3=Grid(gridName=3-D-3, id=54, status=FREE), 3-D-4=Grid(gridName=3-D-4, id=55, status=FREE), 3-D-5=Grid(gridName=3-D-5, id=56, status=FREE), 1-S=Grid(gridName=1-S, id=11, status=FREE), 3-D-6=Grid(gridName=3-D-6, id=57, status=FREE), 3-T-1=Grid(gridName=3-T-1, id=12, status=FREE), 3-T-2=Grid(gridName=3-T-2, id=13, status=FREE), 3-C-10=Grid(gridName=3-C-10, id=43, status=FREE), 3-C-11=Grid(gridName=3-C-11, id=44, status=FREE), 3-C-12=Grid(gridName=3-C-12, id=45, status=FREE), 3-C-13=Grid(gridName=3-C-13, id=46, status=FREE), 3-C-14=Grid(gridName=3-C-14, id=47, status=FREE), 3-A-2=Grid(gridName=3-A-2, id=21, status=FREE), 3-C-15=Grid(gridName=3-C-15, id=48, status=FREE), 3-A-3=Grid(gridName=3-A-3, id=22, status=FREE), 3-C-16=Grid(gridName=3-C-16, id=49, status=FREE), 3-A-4=Grid(gridName=3-A-4, id=23, status=FREE), 3-C-17=Grid(gridName=3-C-17, id=50, status=FREE), 3-A-5=Grid(gridName=3-A-5, id=24, status=FREE), 3-C-18=Grid(gridName=3-C-18, id=51, status=FREE), 3-A-1=Grid(gridName=3-A-1, id=20, status=FREE), 2-A-20=Grid(gridName=2-A-20, id=98, status=FREE), 3-A-6=Grid(gridName=3-A-6, id=25, status=FREE)}
2024-05-13 12:55:24,912 INFO (TaskListManager.java:55)- Initialize taskListMap: {1=null, 2=null}
2024-05-13 12:55:25,015 ERROR (SettingService.java:36)- Failed to load application.yml
2024-05-13 12:55:25,015 INFO (SettingService.java:39)- Config file path: /Users/michael/Documents/JavaProject/agv_WTools/application.yml
2024-05-13 12:55:25,503 INFO (StartupInfoLogger.java:57)- Started ApplicationTests in 2.606 seconds (process running for 3.41)
2024-05-13 12:55:25,642 WARN (AGVInstantStatus.java:444)- Traffic Control is not connected
2024-05-13 12:55:26,376 INFO (ElevatorSocketBox.java:152)- Closing Socket...
2024-05-13 12:55:26,377 WARN (ElevatorSocketBox.java:162)- Unsuccessful connection to ElevatorSocketBox
2024-05-13 12:55:26,378 INFO (ElevatorSocketBox.java:177)- All SocketThread has been terminated!
2024-05-13 12:55:26,379 WARN (ElevatorSocketBox.java:204)- Failed to connect to ElevatorSocketBox, try again later...
2024-05-13 13:49:19,808 INFO (StartupInfoLogger.java:51)- Starting Application using Java 19.0.1 with PID 96551 (/Users/michael/Documents/JavaProject/agv_WTools/target/classes started by michael in /Users/michael/Documents/JavaProject/agv_WTools)
2024-05-13 13:49:19,810 INFO (SpringApplication.java:634)- No active profile set, falling back to 1 default profile: "default"
2024-05-13 13:49:19,859 INFO (DeferredLog.java:250)- The Class-Path manifest attribute in /Users/michael/.m2/repository/com/mchange/c3p0/0.9.5.5/c3p0-0.9.5.5.jar referenced one or more files that do not exist: file:/Users/michael/.m2/repository/com/mchange/c3p0/0.9.5.5/mchange-commons-java-0.2.19.jar
2024-05-13 13:49:19,860 INFO (DeferredLog.java:250)- Devtools property defaults active! Set 'spring.devtools.add-properties' to 'false' to disable
2024-05-13 13:49:19,860 INFO (DeferredLog.java:250)- For additional web related logging consider setting the 'logging.level.web' property to 'DEBUG'
2024-05-13 13:49:21,005 INFO (TomcatWebServer.java:108)- Tomcat initialized with port(s): 8080 (http)
2024-05-13 13:49:21,013 INFO (DirectJDKLog.java:173)- Initializing ProtocolHandler ["http-nio-8080"]
2024-05-13 13:49:21,016 INFO (DirectJDKLog.java:173)- Starting service [Tomcat]
2024-05-13 13:49:21,017 INFO (DirectJDKLog.java:173)- Starting Servlet engine: [Apache Tomcat/10.1.10]
2024-05-13 13:49:21,080 INFO (DirectJDKLog.java:173)- Initializing Spring embedded WebApplicationContext
2024-05-13 13:49:21,080 INFO (ServletWebServerApplicationContext.java:291)- Root WebApplicationContext: initialization completed in 1220 ms
2024-05-13 13:49:21,151 INFO (Slf4jMLog.java:212)- MLog clients using slf4j logging.
2024-05-13 13:49:21,274 INFO (Slf4jMLog.java:212)- Initializing c3p0-0.9.5.5 [built 11-December-2019 22:18:33 -0800; debug? true; trace: 10]
2024-05-13 13:49:21,379 INFO (Slf4jMLog.java:212)- Initializing c3p0 pool... com.mchange.v2.c3p0.ComboPooledDataSource [ acquireIncrement -> 3, acquireRetryAttempts -> 30, acquireRetryDelay -> 1000, autoCommitOnClose -> false, automaticTestTable -> null, breakAfterAcquireFailure -> false, checkoutTimeout -> 0, connectionCustomizerClassName -> null, connectionTesterClassName -> com.mchange.v2.c3p0.impl.DefaultConnectionTester, contextClassLoaderSource -> caller, dataSourceName -> 2sbkolb3v7pqxfxgh1pv|46ee98d0, debugUnreturnedConnectionStackTraces -> true, description -> null, driverClass -> com.mysql.cj.jdbc.Driver, extensions -> {}, factoryClassLocation -> null, forceIgnoreUnresolvedTransactions -> false, forceSynchronousCheckins -> false, forceUseNamedDriverClass -> false, identityToken -> 2sbkolb3v7pqxfxgh1pv|46ee98d0, idleConnectionTestPeriod -> 0, initialPoolSize -> 3, jdbcUrl -> jdbc:mysql://localhost:3306/AGV_WTools?zeroDateTimeBehavior=convertToNull&serverTimezone=Asia/Taipei&characterEncoding=utf-8&useUnicode=true, maxAdministrativeTaskTime -> 0, maxConnectionAge -> 3600, maxIdleTime -> 0, maxIdleTimeExcessConnections -> 60, maxPoolSize -> 15, maxStatements -> 0, maxStatementsPerConnection -> 0, minPoolSize -> 3, numHelperThreads -> 3, preferredTestQuery -> null, privilegeSpawnedThreads -> false, properties -> {password=******, user=******}, propertyCycle -> 0, statementCacheNumDeferredCloseThreads -> 0, testConnectionOnCheckin -> false, testConnectionOnCheckout -> false, unreturnedConnectionTimeout -> 0, userOverrides -> {}, usesTraditionalReflectiveProxies -> false ]
2024-05-13 13:49:21,793 INFO (AGVManager.java:45)- Initialize agvMap: {1=AGV(id=1, status=OFFLINE, place=null, battery=0, signal=0, iScan=false, task=null, taskStatus=NO_TASK, title=AMR_1, lastAgvSystemStatusData=null, iLowBattery=false, lowBatteryCount=0, reDispatchCount=0, tagError=false, fixAgvTagErrorCompleted=false, tagErrorDispatchCompleted=false, lastTaskBuffer=false, obstacleCount=0, scanCountForHandleNotExecutingTaskRedispatch=0, iAlarm=false), 2=AGV(id=2, status=OFFLINE, place=null, battery=0, signal=0, iScan=false, task=null, taskStatus=NO_TASK, title=AMR_2, lastAgvSystemStatusData=null, iLowBattery=false, lowBatteryCount=0, reDispatchCount=0, tagError=false, fixAgvTagErrorCompleted=false, tagErrorDispatchCompleted=false, lastTaskBuffer=false, obstacleCount=0, scanCountForHandleNotExecutingTaskRedispatch=0, iAlarm=false), 3=AGV(id=3, status=OFFLINE, place=null, battery=0, signal=0, iScan=false, task=null, taskStatus=NO_TASK, title=AMR_3, lastAgvSystemStatusData=null, iLowBattery=false, lowBatteryCount=0, reDispatchCount=0, tagError=false, fixAgvTagErrorCompleted=false, tagErrorDispatchCompleted=false, lastTaskBuffer=false, obstacleCount=0, scanCountForHandleNotExecutingTaskRedispatch=0, iAlarm=false)}
2024-05-13 13:49:21,865 INFO (GridManager.java:38)- Initialize gridMap: {2-T-10=Grid(gridName=2-T-10, id=78, status=FREE), 2-A-14=Grid(gridName=2-A-14, id=92, status=FREE), 2-A-15=Grid(gridName=2-A-15, id=93, status=FREE), 2-A-12=Grid(gridName=2-A-12, id=90, status=FREE), 2-A-13=Grid(gridName=2-A-13, id=91, status=FREE), 3-R-5=Grid(gridName=3-R-5, id=64, status=FREE), 2-A-18=Grid(gridName=2-A-18, id=96, status=FREE), 3-R-6=Grid(gridName=3-R-6, id=65, status=FREE), 2-A-19=Grid(gridName=2-A-19, id=97, status=FREE), 3-R-7=Grid(gridName=3-R-7, id=66, status=FREE), 2-A-16=Grid(gridName=2-A-16, id=94, status=FREE), 3-R-8=Grid(gridName=3-R-8, id=67, status=FREE), 2-A-17=Grid(gridName=2-A-17, id=95, status=FREE), 2-T-2=Grid(gridName=2-T-2, id=70, status=FREE), 2-T-3=Grid(gridName=2-T-3, id=71, status=FREE), 2-T-1=Grid(gridName=2-T-1, id=69, status=FREE), 2-A-10=Grid(gridName=2-A-10, id=88, status=FREE), 2-A-11=Grid(gridName=2-A-11, id=89, status=FREE), 1-R-1=Grid(gridName=1-R-1, id=9, status=FREE), 1-R-2=Grid(gridName=1-R-2, id=10, status=FREE), 3-B-1=Grid(gridName=3-B-1, id=26, status=FREE), 3-B-2=Grid(gridName=3-B-2, id=27, status=FREE), 3-B-3=Grid(gridName=3-B-3, id=28, status=FREE), 3-B-4=Grid(gridName=3-B-4, id=29, status=FREE), 2-T-8=Grid(gridName=2-T-8, id=76, status=FREE), 2-T-9=Grid(gridName=2-T-9, id=77, status=FREE), 3-B-5=Grid(gridName=3-B-5, id=30, status=FREE), 2-T-6=Grid(gridName=2-T-6, id=74, status=FREE), 3-B-6=Grid(gridName=3-B-6, id=31, status=FREE), 2-T-7=Grid(gridName=2-T-7, id=75, status=FREE), 3-B-7=Grid(gridName=3-B-7, id=32, status=FREE), 2-T-4=Grid(gridName=2-T-4, id=72, status=FREE), 3-B-8=Grid(gridName=3-B-8, id=33, status=FREE), 2-T-5=Grid(gridName=2-T-5, id=73, status=FREE), 3-R-1=Grid(gridName=3-R-1, id=60, status=FREE), 3-R-2=Grid(gridName=3-R-2, id=61, status=FREE), 3-S=Grid(gridName=3-S, id=68, status=FREE), 3-R-3=Grid(gridName=3-R-3, id=62, status=FREE), 3-R-4=Grid(gridName=3-R-4, id=63, status=FREE), 2-A-9=Grid(gridName=2-A-9, id=87, status=FREE), 2-A-7=Grid(gridName=2-A-7, id=85, status=FREE), 2-A-8=Grid(gridName=2-A-8, id=86, status=FREE), 2-A-5=Grid(gridName=2-A-5, id=83, status=FREE), 2-A-6=Grid(gridName=2-A-6, id=84, status=FREE), 2-A-3=Grid(gridName=2-A-3, id=81, status=FREE), 2-A-4=Grid(gridName=2-A-4, id=82, status=FREE), 2-A-1=Grid(gridName=2-A-1, id=79, status=FREE), 2-A-2=Grid(gridName=2-A-2, id=80, status=FREE), 3-C-1=Grid(gridName=3-C-1, id=34, status=BOOKED), 3-C-2=Grid(gridName=3-C-2, id=35, status=BOOKED), 3-C-3=Grid(gridName=3-C-3, id=36, status=BOOKED), 3-C-8=Grid(gridName=3-C-8, id=41, status=FREE), 3-C-9=Grid(gridName=3-C-9, id=42, status=FREE), 3-C-4=Grid(gridName=3-C-4, id=37, status=BOOKED), 3-C-5=Grid(gridName=3-C-5, id=38, status=FREE), 3-C-6=Grid(gridName=3-C-6, id=39, status=FREE), 3-C-7=Grid(gridName=3-C-7, id=40, status=FREE), 2-S=Grid(gridName=2-S, id=99, status=FREE), 3-T-7=Grid(gridName=3-T-7, id=18, status=FREE), 3-T-8=Grid(gridName=3-T-8, id=19, status=FREE), 3-T-3=Grid(gridName=3-T-3, id=14, status=FREE), 3-T-4=Grid(gridName=3-T-4, id=15, status=FREE), 3-T-5=Grid(gridName=3-T-5, id=16, status=FREE), 3-T-6=Grid(gridName=3-T-6, id=17, status=FREE), 1-T-1=Grid(gridName=1-T-1, id=1, status=BOOKED), 1-T-2=Grid(gridName=1-T-2, id=2, status=BOOKED), 1-T-3=Grid(gridName=1-T-3, id=3, status=BOOKED), 1-T-4=Grid(gridName=1-T-4, id=4, status=BOOKED), 1-T-5=Grid(gridName=1-T-5, id=5, status=FREE), E-1=Grid(gridName=E-1, id=100, status=FREE), 1-T-6=Grid(gridName=1-T-6, id=6, status=FREE), 1-T-7=Grid(gridName=1-T-7, id=7, status=FREE), 3-D-1=Grid(gridName=3-D-1, id=52, status=FREE), E-3=Grid(gridName=E-3, id=102, status=FREE), 1-T-8=Grid(gridName=1-T-8, id=8, status=FREE), 3-D-2=Grid(gridName=3-D-2, id=53, status=FREE), E-2=Grid(gridName=E-2, id=101, status=FREE), E-5=Grid(gridName=E-5, id=104, status=FREE), E-4=Grid(gridName=E-4, id=103, status=FREE), E-7=Grid(gridName=E-7, id=106, status=FREE), E-6=Grid(gridName=E-6, id=105, status=FREE), 3-D-7=Grid(gridName=3-D-7, id=58, status=FREE), 3-D-8=Grid(gridName=3-D-8, id=59, status=FREE), E-8=Grid(gridName=E-8, id=107, status=FREE), 3-D-3=Grid(gridName=3-D-3, id=54, status=FREE), 3-D-4=Grid(gridName=3-D-4, id=55, status=FREE), 3-D-5=Grid(gridName=3-D-5, id=56, status=FREE), 1-S=Grid(gridName=1-S, id=11, status=FREE), 3-D-6=Grid(gridName=3-D-6, id=57, status=FREE), 3-T-1=Grid(gridName=3-T-1, id=12, status=FREE), 3-T-2=Grid(gridName=3-T-2, id=13, status=FREE), 3-C-10=Grid(gridName=3-C-10, id=43, status=FREE), 3-C-11=Grid(gridName=3-C-11, id=44, status=FREE), 3-C-12=Grid(gridName=3-C-12, id=45, status=FREE), 3-C-13=Grid(gridName=3-C-13, id=46, status=FREE), 3-C-14=Grid(gridName=3-C-14, id=47, status=FREE), 3-A-2=Grid(gridName=3-A-2, id=21, status=FREE), 3-C-15=Grid(gridName=3-C-15, id=48, status=FREE), 3-A-3=Grid(gridName=3-A-3, id=22, status=FREE), 3-C-16=Grid(gridName=3-C-16, id=49, status=FREE), 3-A-4=Grid(gridName=3-A-4, id=23, status=FREE), 3-C-17=Grid(gridName=3-C-17, id=50, status=FREE), 3-A-5=Grid(gridName=3-A-5, id=24, status=FREE), 3-C-18=Grid(gridName=3-C-18, id=51, status=FREE), 3-A-1=Grid(gridName=3-A-1, id=20, status=FREE), 2-A-20=Grid(gridName=2-A-20, id=98, status=FREE), 3-A-6=Grid(gridName=3-A-6, id=25, status=FREE)}
2024-05-13 13:49:21,876 INFO (TaskListManager.java:55)- Initialize taskListMap: {1=null, 2=null}
2024-05-13 13:49:21,985 INFO (SettingService.java:39)- Config file path: /Users/michael/Documents/JavaProject/agv_WTools/target/application.yml
2024-05-13 13:49:22,389 INFO (OptionalLiveReloadServer.java:59)- LiveReload server is running on port 35729
2024-05-13 13:49:22,401 INFO (DirectJDKLog.java:173)- Starting ProtocolHandler ["http-nio-8080"]
2024-05-13 13:49:22,419 INFO (TomcatWebServer.java:220)- Tomcat started on port(s): 8080 (http) with context path '/YIDAGV'
2024-05-13 13:49:22,433 INFO (StartupInfoLogger.java:57)- Started Application in 3.421 seconds (process running for 4.01)
2024-05-13 13:49:22,540 WARN (AGVInstantStatus.java:444)- Traffic Control is not connected
2024-05-13 13:49:23,378 INFO (DirectJDKLog.java:173)- Initializing Spring DispatcherServlet 'dispatcherServlet'
2024-05-13 13:49:23,379 INFO (FrameworkServlet.java:532)- Initializing Servlet 'dispatcherServlet'
2024-05-13 13:49:23,381 INFO (FrameworkServlet.java:554)- Completed initialization in 1 ms
2024-05-13 13:49:24,924 WARN (ElevatorSocketBox.java:204)- Failed to connect to ElevatorSocketBox, try again later...
2024-05-13 13:49:31,300 ERROR (DirectJDKLog.java:175)- Servlet.service() for servlet [dispatcherServlet] in context with path [/YIDAGV] threw exception [Request processing failed: java.lang.NullPointerException: Cannot invoke "com.yid.agv.backend.station.Grid.getStatus()" because the return value of "java.util.Map.get(Object)" is null] with root cause
java.lang.NullPointerException: Cannot invoke "com.yid.agv.backend.station.Grid.getStatus()" because the return value of "java.util.Map.get(Object)" is null
	at com.yid.agv.backend.station.GridManager.getGridStatus(GridManager.java:78)
	at com.yid.agv.service.TaskService.addTaskList(TaskService.java:124)
	at com.yid.agv.controller.ApiController.handleTaskList(ApiController.java:249)
	at java.base/jdk.internal.reflect.DirectMethodHandleAccessor.invoke(DirectMethodHandleAccessor.java:104)
	at java.base/java.lang.reflect.Method.invoke(Method.java:578)
	at org.springframework.web.method.support.InvocableHandlerMethod.doInvoke(InvocableHandlerMethod.java:207)
	at org.springframework.web.method.support.InvocableHandlerMethod.invokeForRequest(InvocableHandlerMethod.java:152)
	at org.springframework.web.servlet.mvc.method.annotation.ServletInvocableHandlerMethod.invokeAndHandle(ServletInvocableHandlerMethod.java:118)
	at org.springframework.web.servlet.mvc.method.annotation.RequestMappingHandlerAdapter.invokeHandlerMethod(RequestMappingHandlerAdapter.java:884)
	at org.springframework.web.servlet.mvc.method.annotation.RequestMappingHandlerAdapter.handleInternal(RequestMappingHandlerAdapter.java:797)
	at org.springframework.web.servlet.mvc.method.AbstractHandlerMethodAdapter.handle(AbstractHandlerMethodAdapter.java:87)
	at org.springframework.web.servlet.DispatcherServlet.doDispatch(DispatcherServlet.java:1081)
	at org.springframework.web.servlet.DispatcherServlet.doService(DispatcherServlet.java:974)
	at org.springframework.web.servlet.FrameworkServlet.processRequest(FrameworkServlet.java:1011)
	at org.springframework.web.servlet.FrameworkServlet.doPost(FrameworkServlet.java:914)
	at jakarta.servlet.http.HttpServlet.service(HttpServlet.java:590)
	at org.springframework.web.servlet.FrameworkServlet.service(FrameworkServlet.java:885)
	at jakarta.servlet.http.HttpServlet.service(HttpServlet.java:658)
	at org.apache.catalina.core.ApplicationFilterChain.internalDoFilter(ApplicationFilterChain.java:205)
	at org.apache.catalina.core.ApplicationFilterChain.doFilter(ApplicationFilterChain.java:149)
	at org.apache.tomcat.websocket.server.WsFilter.doFilter(WsFilter.java:51)
	at org.apache.catalina.core.ApplicationFilterChain.internalDoFilter(ApplicationFilterChain.java:174)
	at org.apache.catalina.core.ApplicationFilterChain.doFilter(ApplicationFilterChain.java:149)
	at org.springframework.web.filter.RequestContextFilter.doFilterInternal(RequestContextFilter.java:100)
	at org.springframework.web.filter.OncePerRequestFilter.doFilter(OncePerRequestFilter.java:116)
	at org.apache.catalina.core.ApplicationFilterChain.internalDoFilter(ApplicationFilterChain.java:174)
	at org.apache.catalina.core.ApplicationFilterChain.doFilter(ApplicationFilterChain.java:149)
	at org.springframework.web.filter.FormContentFilter.doFilterInternal(FormContentFilter.java:93)
	at org.springframework.web.filter.OncePerRequestFilter.doFilter(OncePerRequestFilter.java:116)
	at org.apache.catalina.core.ApplicationFilterChain.internalDoFilter(ApplicationFilterChain.java:174)
	at org.apache.catalina.core.ApplicationFilterChain.doFilter(ApplicationFilterChain.java:149)
	at org.springframework.web.filter.CharacterEncodingFilter.doFilterInternal(CharacterEncodingFilter.java:201)
	at org.springframework.web.filter.OncePerRequestFilter.doFilter(OncePerRequestFilter.java:116)
	at org.apache.catalina.core.ApplicationFilterChain.internalDoFilter(ApplicationFilterChain.java:174)
	at org.apache.catalina.core.ApplicationFilterChain.doFilter(ApplicationFilterChain.java:149)
	at org.apache.catalina.core.StandardWrapperValve.invoke(StandardWrapperValve.java:166)
	at org.apache.catalina.core.StandardContextValve.invoke(StandardContextValve.java:90)
	at org.apache.catalina.authenticator.AuthenticatorBase.invoke(AuthenticatorBase.java:482)
	at org.apache.catalina.core.StandardHostValve.invoke(StandardHostValve.java:115)
	at org.apache.catalina.valves.ErrorReportValve.invoke(ErrorReportValve.java:93)
	at org.apache.catalina.core.StandardEngineValve.invoke(StandardEngineValve.java:74)
	at org.apache.catalina.connector.CoyoteAdapter.service(CoyoteAdapter.java:341)
	at org.apache.coyote.http11.Http11Processor.service(Http11Processor.java:391)
	at org.apache.coyote.AbstractProcessorLight.process(AbstractProcessorLight.java:63)
	at org.apache.coyote.AbstractProtocol$ConnectionHandler.process(AbstractProtocol.java:894)
	at org.apache.tomcat.util.net.NioEndpoint$SocketProcessor.doRun(NioEndpoint.java:1741)
	at org.apache.tomcat.util.net.SocketProcessorBase.run(SocketProcessorBase.java:52)
	at org.apache.tomcat.util.threads.ThreadPoolExecutor.runWorker(ThreadPoolExecutor.java:1191)
	at org.apache.tomcat.util.threads.ThreadPoolExecutor$Worker.run(ThreadPoolExecutor.java:659)
	at org.apache.tomcat.util.threads.TaskThread$WrappingRunnable.run(TaskThread.java:61)
	at java.base/java.lang.Thread.run(Thread.java:1589)
2024-05-13 13:51:50,016 ERROR (DirectJDKLog.java:175)- Servlet.service() for servlet [dispatcherServlet] in context with path [/YIDAGV] threw exception [Request processing failed: java.lang.NullPointerException: Cannot invoke "com.yid.agv.backend.station.Grid.getStatus()" because the return value of "java.util.Map.get(Object)" is null] with root cause
java.lang.NullPointerException: Cannot invoke "com.yid.agv.backend.station.Grid.getStatus()" because the return value of "java.util.Map.get(Object)" is null
	at com.yid.agv.backend.station.GridManager.getGridStatus(GridManager.java:78)
	at com.yid.agv.service.TaskService.addTaskList(TaskService.java:124)
	at com.yid.agv.controller.ApiController.handleTaskList(ApiController.java:249)
	at java.base/jdk.internal.reflect.DirectMethodHandleAccessor.invoke(DirectMethodHandleAccessor.java:104)
	at java.base/java.lang.reflect.Method.invoke(Method.java:578)
	at org.springframework.web.method.support.InvocableHandlerMethod.doInvoke(InvocableHandlerMethod.java:207)
	at org.springframework.web.method.support.InvocableHandlerMethod.invokeForRequest(InvocableHandlerMethod.java:152)
	at org.springframework.web.servlet.mvc.method.annotation.ServletInvocableHandlerMethod.invokeAndHandle(ServletInvocableHandlerMethod.java:118)
	at org.springframework.web.servlet.mvc.method.annotation.RequestMappingHandlerAdapter.invokeHandlerMethod(RequestMappingHandlerAdapter.java:884)
	at org.springframework.web.servlet.mvc.method.annotation.RequestMappingHandlerAdapter.handleInternal(RequestMappingHandlerAdapter.java:797)
	at org.springframework.web.servlet.mvc.method.AbstractHandlerMethodAdapter.handle(AbstractHandlerMethodAdapter.java:87)
	at org.springframework.web.servlet.DispatcherServlet.doDispatch(DispatcherServlet.java:1081)
	at org.springframework.web.servlet.DispatcherServlet.doService(DispatcherServlet.java:974)
	at org.springframework.web.servlet.FrameworkServlet.processRequest(FrameworkServlet.java:1011)
	at org.springframework.web.servlet.FrameworkServlet.doPost(FrameworkServlet.java:914)
	at jakarta.servlet.http.HttpServlet.service(HttpServlet.java:590)
	at org.springframework.web.servlet.FrameworkServlet.service(FrameworkServlet.java:885)
	at jakarta.servlet.http.HttpServlet.service(HttpServlet.java:658)
	at org.apache.catalina.core.ApplicationFilterChain.internalDoFilter(ApplicationFilterChain.java:205)
	at org.apache.catalina.core.ApplicationFilterChain.doFilter(ApplicationFilterChain.java:149)
	at org.apache.tomcat.websocket.server.WsFilter.doFilter(WsFilter.java:51)
	at org.apache.catalina.core.ApplicationFilterChain.internalDoFilter(ApplicationFilterChain.java:174)
	at org.apache.catalina.core.ApplicationFilterChain.doFilter(ApplicationFilterChain.java:149)
	at org.springframework.web.filter.RequestContextFilter.doFilterInternal(RequestContextFilter.java:100)
	at org.springframework.web.filter.OncePerRequestFilter.doFilter(OncePerRequestFilter.java:116)
	at org.apache.catalina.core.ApplicationFilterChain.internalDoFilter(ApplicationFilterChain.java:174)
	at org.apache.catalina.core.ApplicationFilterChain.doFilter(ApplicationFilterChain.java:149)
	at org.springframework.web.filter.FormContentFilter.doFilterInternal(FormContentFilter.java:93)
	at org.springframework.web.filter.OncePerRequestFilter.doFilter(OncePerRequestFilter.java:116)
	at org.apache.catalina.core.ApplicationFilterChain.internalDoFilter(ApplicationFilterChain.java:174)
	at org.apache.catalina.core.ApplicationFilterChain.doFilter(ApplicationFilterChain.java:149)
	at org.springframework.web.filter.CharacterEncodingFilter.doFilterInternal(CharacterEncodingFilter.java:201)
	at org.springframework.web.filter.OncePerRequestFilter.doFilter(OncePerRequestFilter.java:116)
	at org.apache.catalina.core.ApplicationFilterChain.internalDoFilter(ApplicationFilterChain.java:174)
	at org.apache.catalina.core.ApplicationFilterChain.doFilter(ApplicationFilterChain.java:149)
	at org.apache.catalina.core.StandardWrapperValve.invoke(StandardWrapperValve.java:166)
	at org.apache.catalina.core.StandardContextValve.invoke(StandardContextValve.java:90)
	at org.apache.catalina.authenticator.AuthenticatorBase.invoke(AuthenticatorBase.java:482)
	at org.apache.catalina.core.StandardHostValve.invoke(StandardHostValve.java:115)
	at org.apache.catalina.valves.ErrorReportValve.invoke(ErrorReportValve.java:93)
	at org.apache.catalina.core.StandardEngineValve.invoke(StandardEngineValve.java:74)
	at org.apache.catalina.connector.CoyoteAdapter.service(CoyoteAdapter.java:341)
	at org.apache.coyote.http11.Http11Processor.service(Http11Processor.java:391)
	at org.apache.coyote.AbstractProcessorLight.process(AbstractProcessorLight.java:63)
	at org.apache.coyote.AbstractProtocol$ConnectionHandler.process(AbstractProtocol.java:894)
	at org.apache.tomcat.util.net.NioEndpoint$SocketProcessor.doRun(NioEndpoint.java:1741)
	at org.apache.tomcat.util.net.SocketProcessorBase.run(SocketProcessorBase.java:52)
	at org.apache.tomcat.util.threads.ThreadPoolExecutor.runWorker(ThreadPoolExecutor.java:1191)
	at org.apache.tomcat.util.threads.ThreadPoolExecutor$Worker.run(ThreadPoolExecutor.java:659)
	at org.apache.tomcat.util.threads.TaskThread$WrappingRunnable.run(TaskThread.java:61)
	at java.base/java.lang.Thread.run(Thread.java:1589)
2024-05-13 13:51:57,538 INFO (ElevatorSocketBox.java:152)- Closing Socket...
2024-05-13 13:51:57,539 WARN (ElevatorSocketBox.java:162)- Unsuccessful connection to ElevatorSocketBox
2024-05-13 13:51:57,539 INFO (ElevatorSocketBox.java:177)- All SocketThread has been terminated!
2024-05-13 13:52:01,459 INFO (StartupInfoLogger.java:51)- Starting Application using Java 19.0.1 with PID 96580 (/Users/michael/Documents/JavaProject/agv_WTools/target/classes started by michael in /Users/michael/Documents/JavaProject/agv_WTools)
2024-05-13 13:52:01,462 INFO (SpringApplication.java:634)- No active profile set, falling back to 1 default profile: "default"
2024-05-13 13:52:01,531 INFO (DeferredLog.java:250)- The Class-Path manifest attribute in /Users/michael/.m2/repository/com/mchange/c3p0/0.9.5.5/c3p0-0.9.5.5.jar referenced one or more files that do not exist: file:/Users/michael/.m2/repository/com/mchange/c3p0/0.9.5.5/mchange-commons-java-0.2.19.jar
2024-05-13 13:52:01,532 INFO (DeferredLog.java:250)- Devtools property defaults active! Set 'spring.devtools.add-properties' to 'false' to disable
2024-05-13 13:52:01,532 INFO (DeferredLog.java:250)- For additional web related logging consider setting the 'logging.level.web' property to 'DEBUG'
2024-05-13 13:52:03,013 INFO (TomcatWebServer.java:108)- Tomcat initialized with port(s): 8080 (http)
2024-05-13 13:52:03,020 INFO (DirectJDKLog.java:173)- Initializing ProtocolHandler ["http-nio-8080"]
2024-05-13 13:52:03,022 INFO (DirectJDKLog.java:173)- Starting service [Tomcat]
2024-05-13 13:52:03,023 INFO (DirectJDKLog.java:173)- Starting Servlet engine: [Apache Tomcat/10.1.10]
2024-05-13 13:52:03,074 INFO (DirectJDKLog.java:173)- Initializing Spring embedded WebApplicationContext
2024-05-13 13:52:03,075 INFO (ServletWebServerApplicationContext.java:291)- Root WebApplicationContext: initialization completed in 1543 ms
2024-05-13 13:52:03,151 INFO (Slf4jMLog.java:212)- MLog clients using slf4j logging.
2024-05-13 13:52:03,240 INFO (Slf4jMLog.java:212)- Initializing c3p0-0.9.5.5 [built 11-December-2019 22:18:33 -0800; debug? true; trace: 10]
2024-05-13 13:52:03,349 INFO (Slf4jMLog.java:212)- Initializing c3p0 pool... com.mchange.v2.c3p0.ComboPooledDataSource [ acquireIncrement -> 3, acquireRetryAttempts -> 30, acquireRetryDelay -> 1000, autoCommitOnClose -> false, automaticTestTable -> null, breakAfterAcquireFailure -> false, checkoutTimeout -> 0, connectionCustomizerClassName -> null, connectionTesterClassName -> com.mchange.v2.c3p0.impl.DefaultConnectionTester, contextClassLoaderSource -> caller, dataSourceName -> 2sbkolb3v7t7xfpp3t7i|46ee98d0, debugUnreturnedConnectionStackTraces -> true, description -> null, driverClass -> com.mysql.cj.jdbc.Driver, extensions -> {}, factoryClassLocation -> null, forceIgnoreUnresolvedTransactions -> false, forceSynchronousCheckins -> false, forceUseNamedDriverClass -> false, identityToken -> 2sbkolb3v7t7xfpp3t7i|46ee98d0, idleConnectionTestPeriod -> 0, initialPoolSize -> 3, jdbcUrl -> jdbc:mysql://localhost:3306/AGV_WTools?zeroDateTimeBehavior=convertToNull&serverTimezone=Asia/Taipei&characterEncoding=utf-8&useUnicode=true, maxAdministrativeTaskTime -> 0, maxConnectionAge -> 3600, maxIdleTime -> 0, maxIdleTimeExcessConnections -> 60, maxPoolSize -> 15, maxStatements -> 0, maxStatementsPerConnection -> 0, minPoolSize -> 3, numHelperThreads -> 3, preferredTestQuery -> null, privilegeSpawnedThreads -> false, properties -> {password=******, user=******}, propertyCycle -> 0, statementCacheNumDeferredCloseThreads -> 0, testConnectionOnCheckin -> false, testConnectionOnCheckout -> false, unreturnedConnectionTimeout -> 0, userOverrides -> {}, usesTraditionalReflectiveProxies -> false ]
2024-05-13 13:52:03,671 INFO (AGVManager.java:45)- Initialize agvMap: {1=AGV(id=1, status=OFFLINE, place=null, battery=0, signal=0, iScan=false, task=null, taskStatus=NO_TASK, title=AMR_1, lastAgvSystemStatusData=null, iLowBattery=false, lowBatteryCount=0, reDispatchCount=0, tagError=false, fixAgvTagErrorCompleted=false, tagErrorDispatchCompleted=false, lastTaskBuffer=false, obstacleCount=0, scanCountForHandleNotExecutingTaskRedispatch=0, iAlarm=false), 2=AGV(id=2, status=OFFLINE, place=null, battery=0, signal=0, iScan=false, task=null, taskStatus=NO_TASK, title=AMR_2, lastAgvSystemStatusData=null, iLowBattery=false, lowBatteryCount=0, reDispatchCount=0, tagError=false, fixAgvTagErrorCompleted=false, tagErrorDispatchCompleted=false, lastTaskBuffer=false, obstacleCount=0, scanCountForHandleNotExecutingTaskRedispatch=0, iAlarm=false), 3=AGV(id=3, status=OFFLINE, place=null, battery=0, signal=0, iScan=false, task=null, taskStatus=NO_TASK, title=AMR_3, lastAgvSystemStatusData=null, iLowBattery=false, lowBatteryCount=0, reDispatchCount=0, tagError=false, fixAgvTagErrorCompleted=false, tagErrorDispatchCompleted=false, lastTaskBuffer=false, obstacleCount=0, scanCountForHandleNotExecutingTaskRedispatch=0, iAlarm=false)}
2024-05-13 13:52:03,727 INFO (GridManager.java:38)- Initialize gridMap: {2-T-10=Grid(gridName=2-T-10, id=78, status=FREE), 2-A-14=Grid(gridName=2-A-14, id=92, status=FREE), 2-A-15=Grid(gridName=2-A-15, id=93, status=FREE), 2-A-12=Grid(gridName=2-A-12, id=90, status=FREE), 2-A-13=Grid(gridName=2-A-13, id=91, status=FREE), 3-R-5=Grid(gridName=3-R-5, id=64, status=FREE), 2-A-18=Grid(gridName=2-A-18, id=96, status=FREE), 3-R-6=Grid(gridName=3-R-6, id=65, status=FREE), 2-A-19=Grid(gridName=2-A-19, id=97, status=FREE), 3-R-7=Grid(gridName=3-R-7, id=66, status=FREE), 2-A-16=Grid(gridName=2-A-16, id=94, status=FREE), 3-R-8=Grid(gridName=3-R-8, id=67, status=FREE), 2-A-17=Grid(gridName=2-A-17, id=95, status=FREE), 2-T-2=Grid(gridName=2-T-2, id=70, status=FREE), 2-T-3=Grid(gridName=2-T-3, id=71, status=FREE), 2-T-1=Grid(gridName=2-T-1, id=69, status=FREE), 2-A-10=Grid(gridName=2-A-10, id=88, status=FREE), 2-A-11=Grid(gridName=2-A-11, id=89, status=FREE), 1-R-1=Grid(gridName=1-R-1, id=9, status=FREE), 1-R-2=Grid(gridName=1-R-2, id=10, status=FREE), 3-B-1=Grid(gridName=3-B-1, id=26, status=FREE), 3-B-2=Grid(gridName=3-B-2, id=27, status=FREE), 3-B-3=Grid(gridName=3-B-3, id=28, status=FREE), 3-B-4=Grid(gridName=3-B-4, id=29, status=FREE), 2-T-8=Grid(gridName=2-T-8, id=76, status=FREE), 2-T-9=Grid(gridName=2-T-9, id=77, status=FREE), 3-B-5=Grid(gridName=3-B-5, id=30, status=FREE), 2-T-6=Grid(gridName=2-T-6, id=74, status=FREE), 3-B-6=Grid(gridName=3-B-6, id=31, status=FREE), 2-T-7=Grid(gridName=2-T-7, id=75, status=FREE), 3-B-7=Grid(gridName=3-B-7, id=32, status=FREE), 2-T-4=Grid(gridName=2-T-4, id=72, status=FREE), 3-B-8=Grid(gridName=3-B-8, id=33, status=FREE), 2-T-5=Grid(gridName=2-T-5, id=73, status=FREE), 3-R-1=Grid(gridName=3-R-1, id=60, status=FREE), 3-R-2=Grid(gridName=3-R-2, id=61, status=FREE), 3-S=Grid(gridName=3-S, id=68, status=FREE), 3-R-3=Grid(gridName=3-R-3, id=62, status=FREE), 3-R-4=Grid(gridName=3-R-4, id=63, status=FREE), 2-A-9=Grid(gridName=2-A-9, id=87, status=FREE), 2-A-7=Grid(gridName=2-A-7, id=85, status=FREE), 2-A-8=Grid(gridName=2-A-8, id=86, status=FREE), 2-A-5=Grid(gridName=2-A-5, id=83, status=FREE), 2-A-6=Grid(gridName=2-A-6, id=84, status=FREE), 2-A-3=Grid(gridName=2-A-3, id=81, status=FREE), 2-A-4=Grid(gridName=2-A-4, id=82, status=FREE), 2-A-1=Grid(gridName=2-A-1, id=79, status=FREE), 2-A-2=Grid(gridName=2-A-2, id=80, status=FREE), 3-C-1=Grid(gridName=3-C-1, id=34, status=BOOKED), 3-C-2=Grid(gridName=3-C-2, id=35, status=BOOKED), 3-C-3=Grid(gridName=3-C-3, id=36, status=BOOKED), 3-C-8=Grid(gridName=3-C-8, id=41, status=FREE), 3-C-9=Grid(gridName=3-C-9, id=42, status=FREE), 3-C-4=Grid(gridName=3-C-4, id=37, status=BOOKED), 3-C-5=Grid(gridName=3-C-5, id=38, status=FREE), 3-C-6=Grid(gridName=3-C-6, id=39, status=FREE), 3-C-7=Grid(gridName=3-C-7, id=40, status=FREE), 2-S=Grid(gridName=2-S, id=99, status=FREE), 3-T-7=Grid(gridName=3-T-7, id=18, status=FREE), 3-T-8=Grid(gridName=3-T-8, id=19, status=FREE), 3-T-3=Grid(gridName=3-T-3, id=14, status=FREE), 3-T-4=Grid(gridName=3-T-4, id=15, status=FREE), 3-T-5=Grid(gridName=3-T-5, id=16, status=FREE), 3-T-6=Grid(gridName=3-T-6, id=17, status=FREE), 1-T-1=Grid(gridName=1-T-1, id=1, status=BOOKED), 1-T-2=Grid(gridName=1-T-2, id=2, status=BOOKED), 1-T-3=Grid(gridName=1-T-3, id=3, status=BOOKED), 1-T-4=Grid(gridName=1-T-4, id=4, status=BOOKED), 1-T-5=Grid(gridName=1-T-5, id=5, status=FREE), E-1=Grid(gridName=E-1, id=100, status=FREE), 1-T-6=Grid(gridName=1-T-6, id=6, status=FREE), 1-T-7=Grid(gridName=1-T-7, id=7, status=FREE), 3-D-1=Grid(gridName=3-D-1, id=52, status=FREE), E-3=Grid(gridName=E-3, id=102, status=FREE), 1-T-8=Grid(gridName=1-T-8, id=8, status=FREE), 3-D-2=Grid(gridName=3-D-2, id=53, status=FREE), E-2=Grid(gridName=E-2, id=101, status=FREE), E-5=Grid(gridName=E-5, id=104, status=FREE), E-4=Grid(gridName=E-4, id=103, status=FREE), E-7=Grid(gridName=E-7, id=106, status=FREE), E-6=Grid(gridName=E-6, id=105, status=FREE), 3-D-7=Grid(gridName=3-D-7, id=58, status=FREE), 3-D-8=Grid(gridName=3-D-8, id=59, status=FREE), E-8=Grid(gridName=E-8, id=107, status=FREE), 3-D-3=Grid(gridName=3-D-3, id=54, status=FREE), 3-D-4=Grid(gridName=3-D-4, id=55, status=FREE), 3-D-5=Grid(gridName=3-D-5, id=56, status=FREE), 1-S=Grid(gridName=1-S, id=11, status=FREE), 3-D-6=Grid(gridName=3-D-6, id=57, status=FREE), 3-T-1=Grid(gridName=3-T-1, id=12, status=FREE), 3-T-2=Grid(gridName=3-T-2, id=13, status=FREE), 3-C-10=Grid(gridName=3-C-10, id=43, status=FREE), 3-C-11=Grid(gridName=3-C-11, id=44, status=FREE), 3-C-12=Grid(gridName=3-C-12, id=45, status=FREE), 3-C-13=Grid(gridName=3-C-13, id=46, status=FREE), 3-C-14=Grid(gridName=3-C-14, id=47, status=FREE), 3-A-2=Grid(gridName=3-A-2, id=21, status=FREE), 3-C-15=Grid(gridName=3-C-15, id=48, status=FREE), 3-A-3=Grid(gridName=3-A-3, id=22, status=FREE), 3-C-16=Grid(gridName=3-C-16, id=49, status=FREE), 3-A-4=Grid(gridName=3-A-4, id=23, status=FREE), 3-C-17=Grid(gridName=3-C-17, id=50, status=FREE), 3-A-5=Grid(gridName=3-A-5, id=24, status=FREE), 3-C-18=Grid(gridName=3-C-18, id=51, status=FREE), 3-A-1=Grid(gridName=3-A-1, id=20, status=FREE), 2-A-20=Grid(gridName=2-A-20, id=98, status=FREE), 3-A-6=Grid(gridName=3-A-6, id=25, status=FREE)}
2024-05-13 13:52:03,739 INFO (TaskListManager.java:55)- Initialize taskListMap: {1=null, 2=null}
2024-05-13 13:52:03,837 INFO (SettingService.java:39)- Config file path: /Users/michael/Documents/JavaProject/agv_WTools/target/application.yml
2024-05-13 13:52:04,203 INFO (OptionalLiveReloadServer.java:59)- LiveReload server is running on port 35729
2024-05-13 13:52:04,214 INFO (DirectJDKLog.java:173)- Starting ProtocolHandler ["http-nio-8080"]
2024-05-13 13:52:04,231 INFO (TomcatWebServer.java:220)- Tomcat started on port(s): 8080 (http) with context path '/YIDAGV'
2024-05-13 13:52:04,245 INFO (StartupInfoLogger.java:57)- Started Application in 3.417 seconds (process running for 3.951)
2024-05-13 13:52:04,372 WARN (AGVInstantStatus.java:444)- Traffic Control is not connected
2024-05-13 13:52:04,948 INFO (DirectJDKLog.java:173)- Initializing Spring DispatcherServlet 'dispatcherServlet'
2024-05-13 13:52:04,948 INFO (FrameworkServlet.java:532)- Initializing Servlet 'dispatcherServlet'
2024-05-13 13:52:04,949 INFO (FrameworkServlet.java:554)- Completed initialization in 1 ms
2024-05-13 13:52:06,781 WARN (ElevatorSocketBox.java:204)- Failed to connect to ElevatorSocketBox, try again later...
2024-05-13 13:54:37,046 INFO (ElevatorSocketBox.java:152)- Closing Socket...
2024-05-13 13:54:37,051 WARN (ElevatorSocketBox.java:162)- Unsuccessful connection to ElevatorSocketBox
2024-05-13 13:54:37,072 INFO (ElevatorSocketBox.java:177)- All SocketThread has been terminated!
2024-05-13 13:54:39,587 INFO (StartupInfoLogger.java:51)- Starting Application using Java 19.0.1 with PID 96618 (/Users/michael/Documents/JavaProject/agv_WTools/target/classes started by michael in /Users/michael/Documents/JavaProject/agv_WTools)
2024-05-13 13:54:39,591 INFO (SpringApplication.java:634)- No active profile set, falling back to 1 default profile: "default"
2024-05-13 13:54:39,668 INFO (DeferredLog.java:250)- The Class-Path manifest attribute in /Users/michael/.m2/repository/com/mchange/c3p0/0.9.5.5/c3p0-0.9.5.5.jar referenced one or more files that do not exist: file:/Users/michael/.m2/repository/com/mchange/c3p0/0.9.5.5/mchange-commons-java-0.2.19.jar
2024-05-13 13:54:39,668 INFO (DeferredLog.java:250)- Devtools property defaults active! Set 'spring.devtools.add-properties' to 'false' to disable
2024-05-13 13:54:39,668 INFO (DeferredLog.java:250)- For additional web related logging consider setting the 'logging.level.web' property to 'DEBUG'
2024-05-13 13:54:41,120 INFO (TomcatWebServer.java:108)- Tomcat initialized with port(s): 8080 (http)
2024-05-13 13:54:41,129 INFO (DirectJDKLog.java:173)- Initializing ProtocolHandler ["http-nio-8080"]
2024-05-13 13:54:41,132 INFO (DirectJDKLog.java:173)- Starting service [Tomcat]
2024-05-13 13:54:41,132 INFO (DirectJDKLog.java:173)- Starting Servlet engine: [Apache Tomcat/10.1.10]
2024-05-13 13:54:41,186 INFO (DirectJDKLog.java:173)- Initializing Spring embedded WebApplicationContext
2024-05-13 13:54:41,186 INFO (ServletWebServerApplicationContext.java:291)- Root WebApplicationContext: initialization completed in 1517 ms
2024-05-13 13:54:41,266 INFO (Slf4jMLog.java:212)- MLog clients using slf4j logging.
2024-05-13 13:54:41,389 INFO (Slf4jMLog.java:212)- Initializing c3p0-0.9.5.5 [built 11-December-2019 22:18:33 -0800; debug? true; trace: 10]
2024-05-13 13:54:41,539 INFO (Slf4jMLog.java:212)- Initializing c3p0 pool... com.mchange.v2.c3p0.ComboPooledDataSource [ acquireIncrement -> 3, acquireRetryAttempts -> 30, acquireRetryDelay -> 1000, autoCommitOnClose -> false, automaticTestTable -> null, breakAfterAcquireFailure -> false, checkoutTimeout -> 0, connectionCustomizerClassName -> null, connectionTesterClassName -> com.mchange.v2.c3p0.impl.DefaultConnectionTester, contextClassLoaderSource -> caller, dataSourceName -> 2sbkolb3v7wlxlmq2ta5|7e8cb952, debugUnreturnedConnectionStackTraces -> true, description -> null, driverClass -> com.mysql.cj.jdbc.Driver, extensions -> {}, factoryClassLocation -> null, forceIgnoreUnresolvedTransactions -> false, forceSynchronousCheckins -> false, forceUseNamedDriverClass -> false, identityToken -> 2sbkolb3v7wlxlmq2ta5|7e8cb952, idleConnectionTestPeriod -> 0, initialPoolSize -> 3, jdbcUrl -> jdbc:mysql://localhost:3306/AGV_WTools?zeroDateTimeBehavior=convertToNull&serverTimezone=Asia/Taipei&characterEncoding=utf-8&useUnicode=true, maxAdministrativeTaskTime -> 0, maxConnectionAge -> 3600, maxIdleTime -> 0, maxIdleTimeExcessConnections -> 60, maxPoolSize -> 15, maxStatements -> 0, maxStatementsPerConnection -> 0, minPoolSize -> 3, numHelperThreads -> 3, preferredTestQuery -> null, privilegeSpawnedThreads -> false, properties -> {password=******, user=******}, propertyCycle -> 0, statementCacheNumDeferredCloseThreads -> 0, testConnectionOnCheckin -> false, testConnectionOnCheckout -> false, unreturnedConnectionTimeout -> 0, userOverrides -> {}, usesTraditionalReflectiveProxies -> false ]
2024-05-13 13:54:42,156 INFO (AGVManager.java:45)- Initialize agvMap: {1=AGV(id=1, status=OFFLINE, place=null, battery=0, signal=0, iScan=false, task=null, taskStatus=NO_TASK, title=AMR_1, lastAgvSystemStatusData=null, iLowBattery=false, lowBatteryCount=0, reDispatchCount=0, tagError=false, fixAgvTagErrorCompleted=false, tagErrorDispatchCompleted=false, lastTaskBuffer=false, obstacleCount=0, scanCountForHandleNotExecutingTaskRedispatch=0, iAlarm=false), 2=AGV(id=2, status=OFFLINE, place=null, battery=0, signal=0, iScan=false, task=null, taskStatus=NO_TASK, title=AMR_2, lastAgvSystemStatusData=null, iLowBattery=false, lowBatteryCount=0, reDispatchCount=0, tagError=false, fixAgvTagErrorCompleted=false, tagErrorDispatchCompleted=false, lastTaskBuffer=false, obstacleCount=0, scanCountForHandleNotExecutingTaskRedispatch=0, iAlarm=false), 3=AGV(id=3, status=OFFLINE, place=null, battery=0, signal=0, iScan=false, task=null, taskStatus=NO_TASK, title=AMR_3, lastAgvSystemStatusData=null, iLowBattery=false, lowBatteryCount=0, reDispatchCount=0, tagError=false, fixAgvTagErrorCompleted=false, tagErrorDispatchCompleted=false, lastTaskBuffer=false, obstacleCount=0, scanCountForHandleNotExecutingTaskRedispatch=0, iAlarm=false)}
2024-05-13 13:54:42,333 INFO (GridManager.java:38)- Initialize gridMap: {2-T-10=Grid(gridName=2-T-10, id=78, status=FREE), 2-A-14=Grid(gridName=2-A-14, id=92, status=FREE), 3-R-9=Grid(gridName=3-R-9, id=109, status=FREE), 2-A-15=Grid(gridName=2-A-15, id=93, status=FREE), 2-A-12=Grid(gridName=2-A-12, id=90, status=FREE), 2-A-13=Grid(gridName=2-A-13, id=91, status=FREE), 3-R-5=Grid(gridName=3-R-5, id=64, status=FREE), 2-A-18=Grid(gridName=2-A-18, id=96, status=FREE), 3-R-6=Grid(gridName=3-R-6, id=65, status=FREE), 2-A-19=Grid(gridName=2-A-19, id=97, status=FREE), 3-R-7=Grid(gridName=3-R-7, id=66, status=FREE), 2-A-16=Grid(gridName=2-A-16, id=94, status=FREE), 3-R-8=Grid(gridName=3-R-8, id=67, status=FREE), 2-A-17=Grid(gridName=2-A-17, id=95, status=FREE), 2-T-2=Grid(gridName=2-T-2, id=70, status=FREE), 2-T-3=Grid(gridName=2-T-3, id=71, status=FREE), 2-T-1=Grid(gridName=2-T-1, id=69, status=FREE), 2-A-10=Grid(gridName=2-A-10, id=88, status=FREE), 2-A-11=Grid(gridName=2-A-11, id=89, status=FREE), 1-R-1=Grid(gridName=1-R-1, id=9, status=FREE), 1-R-2=Grid(gridName=1-R-2, id=10, status=FREE), 3-B-1=Grid(gridName=3-B-1, id=26, status=FREE), 3-B-2=Grid(gridName=3-B-2, id=27, status=FREE), 3-B-3=Grid(gridName=3-B-3, id=28, status=FREE), 3-B-4=Grid(gridName=3-B-4, id=29, status=FREE), 2-T-8=Grid(gridName=2-T-8, id=76, status=FREE), 2-T-9=Grid(gridName=2-T-9, id=77, status=FREE), 3-B-5=Grid(gridName=3-B-5, id=30, status=FREE), 2-T-6=Grid(gridName=2-T-6, id=74, status=FREE), 3-B-6=Grid(gridName=3-B-6, id=31, status=FREE), 2-T-7=Grid(gridName=2-T-7, id=75, status=FREE), 3-B-7=Grid(gridName=3-B-7, id=32, status=FREE), 2-T-4=Grid(gridName=2-T-4, id=72, status=FREE), 3-B-8=Grid(gridName=3-B-8, id=33, status=FREE), 2-T-5=Grid(gridName=2-T-5, id=73, status=FREE), 3-R-1=Grid(gridName=3-R-1, id=60, status=FREE), 3-R-2=Grid(gridName=3-R-2, id=61, status=FREE), 3-S=Grid(gridName=3-S, id=68, status=FREE), 3-R-3=Grid(gridName=3-R-3, id=62, status=FREE), 3-R-4=Grid(gridName=3-R-4, id=63, status=FREE), 2-A-9=Grid(gridName=2-A-9, id=87, status=FREE), 2-A-7=Grid(gridName=2-A-7, id=85, status=FREE), 2-A-8=Grid(gridName=2-A-8, id=86, status=FREE), 2-A-5=Grid(gridName=2-A-5, id=83, status=FREE), 2-A-6=Grid(gridName=2-A-6, id=84, status=FREE), 2-A-3=Grid(gridName=2-A-3, id=81, status=FREE), 2-A-4=Grid(gridName=2-A-4, id=82, status=FREE), 2-A-1=Grid(gridName=2-A-1, id=79, status=FREE), 2-A-2=Grid(gridName=2-A-2, id=80, status=FREE), 3-C-1=Grid(gridName=3-C-1, id=34, status=BOOKED), 3-C-2=Grid(gridName=3-C-2, id=35, status=BOOKED), 3-C-3=Grid(gridName=3-C-3, id=36, status=BOOKED), 3-C-8=Grid(gridName=3-C-8, id=41, status=FREE), 3-C-9=Grid(gridName=3-C-9, id=42, status=FREE), 3-R-10=Grid(gridName=3-R-10, id=110, status=FREE), 3-C-4=Grid(gridName=3-C-4, id=37, status=BOOKED), 3-C-5=Grid(gridName=3-C-5, id=38, status=FREE), 3-C-6=Grid(gridName=3-C-6, id=39, status=FREE), 3-C-7=Grid(gridName=3-C-7, id=40, status=FREE), 2-S=Grid(gridName=2-S, id=99, status=FREE), 3-T-7=Grid(gridName=3-T-7, id=18, status=FREE), 3-T-8=Grid(gridName=3-T-8, id=19, status=FREE), 3-T-3=Grid(gridName=3-T-3, id=14, status=FREE), 3-T-4=Grid(gridName=3-T-4, id=15, status=FREE), 3-T-5=Grid(gridName=3-T-5, id=16, status=FREE), 3-T-6=Grid(gridName=3-T-6, id=17, status=FREE), 1-T-1=Grid(gridName=1-T-1, id=1, status=BOOKED), 1-T-2=Grid(gridName=1-T-2, id=2, status=BOOKED), 1-T-3=Grid(gridName=1-T-3, id=3, status=BOOKED), 1-T-4=Grid(gridName=1-T-4, id=4, status=BOOKED), 1-T-5=Grid(gridName=1-T-5, id=5, status=FREE), E-1=Grid(gridName=E-1, id=100, status=FREE), 1-T-6=Grid(gridName=1-T-6, id=6, status=FREE), 1-T-7=Grid(gridName=1-T-7, id=7, status=FREE), 3-D-1=Grid(gridName=3-D-1, id=52, status=FREE), E-3=Grid(gridName=E-3, id=102, status=FREE), 1-T-8=Grid(gridName=1-T-8, id=8, status=FREE), 3-D-2=Grid(gridName=3-D-2, id=53, status=FREE), E-2=Grid(gridName=E-2, id=101, status=FREE), E-5=Grid(gridName=E-5, id=104, status=FREE), E-4=Grid(gridName=E-4, id=103, status=FREE), E-7=Grid(gridName=E-7, id=106, status=FREE), E-6=Grid(gridName=E-6, id=105, status=FREE), 3-D-7=Grid(gridName=3-D-7, id=58, status=FREE), 3-D-8=Grid(gridName=3-D-8, id=59, status=FREE), E-8=Grid(gridName=E-8, id=107, status=FREE), 3-D-3=Grid(gridName=3-D-3, id=54, status=FREE), 3-D-4=Grid(gridName=3-D-4, id=55, status=FREE), 3-D-5=Grid(gridName=3-D-5, id=56, status=FREE), 1-S=Grid(gridName=1-S, id=11, status=FREE), 3-D-6=Grid(gridName=3-D-6, id=57, status=FREE), 3-T-1=Grid(gridName=3-T-1, id=12, status=FREE), 3-T-2=Grid(gridName=3-T-2, id=13, status=FREE), Elevator=Grid(gridName=Elevator, id=108, status=FREE), 3-C-10=Grid(gridName=3-C-10, id=43, status=FREE), 3-C-11=Grid(gridName=3-C-11, id=44, status=FREE), 3-C-12=Grid(gridName=3-C-12, id=45, status=FREE), 3-C-13=Grid(gridName=3-C-13, id=46, status=FREE), 3-C-14=Grid(gridName=3-C-14, id=47, status=FREE), 3-A-2=Grid(gridName=3-A-2, id=21, status=FREE), 3-C-15=Grid(gridName=3-C-15, id=48, status=FREE), 3-A-3=Grid(gridName=3-A-3, id=22, status=FREE), 3-C-16=Grid(gridName=3-C-16, id=49, status=FREE), 3-A-4=Grid(gridName=3-A-4, id=23, status=FREE), 3-C-17=Grid(gridName=3-C-17, id=50, status=FREE), 3-A-5=Grid(gridName=3-A-5, id=24, status=FREE), 3-C-18=Grid(gridName=3-C-18, id=51, status=FREE), 3-A-1=Grid(gridName=3-A-1, id=20, status=FREE), 2-A-20=Grid(gridName=2-A-20, id=98, status=FREE), 3-A-6=Grid(gridName=3-A-6, id=25, status=FREE)}
2024-05-13 13:54:42,355 INFO (TaskListManager.java:55)- Initialize taskListMap: {1=null, 2=null}
2024-05-13 13:54:42,688 INFO (SettingService.java:39)- Config file path: /Users/michael/Documents/JavaProject/agv_WTools/target/application.yml
2024-05-13 13:54:43,869 INFO (OptionalLiveReloadServer.java:59)- LiveReload server is running on port 35729
2024-05-13 13:54:43,890 INFO (DirectJDKLog.java:173)- Starting ProtocolHandler ["http-nio-8080"]
2024-05-13 13:54:43,918 INFO (TomcatWebServer.java:220)- Tomcat started on port(s): 8080 (http) with context path '/YIDAGV'
2024-05-13 13:54:43,945 INFO (StartupInfoLogger.java:57)- Started Application in 4.908 seconds (process running for 5.418)
2024-05-13 13:54:44,091 WARN (AGVInstantStatus.java:444)- Traffic Control is not connected
2024-05-13 13:54:45,466 WARN (ElevatorSocketBox.java:204)- Failed to connect to ElevatorSocketBox, try again later...
2024-05-13 13:55:00,033 INFO (ElevatorSocketBox.java:152)- Closing Socket...
2024-05-13 13:55:00,033 WARN (ElevatorSocketBox.java:162)- Unsuccessful connection to ElevatorSocketBox
2024-05-13 13:55:00,034 INFO (ElevatorSocketBox.java:177)- All SocketThread has been terminated!
2024-05-13 14:20:12,401 INFO (StartupInfoLogger.java:51)- Starting ApplicationTests using Java 19.0.1 with PID 96973 (started by michael in /Users/michael/Documents/JavaProject/agv_WTools)
2024-05-13 14:20:12,404 INFO (SpringApplication.java:634)- No active profile set, falling back to 1 default profile: "default"
2024-05-13 14:20:13,407 INFO (Slf4jMLog.java:212)- MLog clients using slf4j logging.
2024-05-13 14:20:13,522 INFO (Slf4jMLog.java:212)- Initializing c3p0-0.9.5.5 [built 11-December-2019 22:18:33 -0800; debug? true; trace: 10]
2024-05-13 14:20:13,677 INFO (Slf4jMLog.java:212)- Initializing c3p0 pool... com.mchange.v2.c3p0.ComboPooledDataSource [ acquireIncrement -> 3, acquireRetryAttempts -> 30, acquireRetryDelay -> 1000, autoCommitOnClose -> false, automaticTestTable -> null, breakAfterAcquireFailure -> false, checkoutTimeout -> 0, connectionCustomizerClassName -> null, connectionTesterClassName -> com.mchange.v2.c3p0.impl.DefaultConnectionTester, contextClassLoaderSource -> caller, dataSourceName -> 2sbkolb3v8tg5eox7xe0|7d21852b, debugUnreturnedConnectionStackTraces -> true, description -> null, driverClass -> com.mysql.cj.jdbc.Driver, extensions -> {}, factoryClassLocation -> null, forceIgnoreUnresolvedTransactions -> false, forceSynchronousCheckins -> false, forceUseNamedDriverClass -> false, identityToken -> 2sbkolb3v8tg5eox7xe0|7d21852b, idleConnectionTestPeriod -> 0, initialPoolSize -> 3, jdbcUrl -> jdbc:mysql://localhost:3306/AGV_WTools?zeroDateTimeBehavior=convertToNull&serverTimezone=Asia/Taipei&characterEncoding=utf-8&useUnicode=true, maxAdministrativeTaskTime -> 0, maxConnectionAge -> 3600, maxIdleTime -> 0, maxIdleTimeExcessConnections -> 60, maxPoolSize -> 15, maxStatements -> 0, maxStatementsPerConnection -> 0, minPoolSize -> 3, numHelperThreads -> 3, preferredTestQuery -> null, privilegeSpawnedThreads -> false, properties -> {password=******, user=******}, propertyCycle -> 0, statementCacheNumDeferredCloseThreads -> 0, testConnectionOnCheckin -> false, testConnectionOnCheckout -> false, unreturnedConnectionTimeout -> 0, userOverrides -> {}, usesTraditionalReflectiveProxies -> false ]
2024-05-13 14:20:14,162 INFO (AGVManager.java:45)- Initialize agvMap: {1=AGV(id=1, status=OFFLINE, place=null, battery=0, signal=0, iScan=false, task=null, taskStatus=NO_TASK, title=AMR_1, lastAgvSystemStatusData=null, iLowBattery=false, lowBatteryCount=0, reDispatchCount=0, tagError=false, fixAgvTagErrorCompleted=false, tagErrorDispatchCompleted=false, lastTaskBuffer=false, obstacleCount=0, scanCountForHandleNotExecutingTaskRedispatch=0, iAlarm=false), 2=AGV(id=2, status=OFFLINE, place=null, battery=0, signal=0, iScan=false, task=null, taskStatus=NO_TASK, title=AMR_2, lastAgvSystemStatusData=null, iLowBattery=false, lowBatteryCount=0, reDispatchCount=0, tagError=false, fixAgvTagErrorCompleted=false, tagErrorDispatchCompleted=false, lastTaskBuffer=false, obstacleCount=0, scanCountForHandleNotExecutingTaskRedispatch=0, iAlarm=false), 3=AGV(id=3, status=OFFLINE, place=null, battery=0, signal=0, iScan=false, task=null, taskStatus=NO_TASK, title=AMR_3, lastAgvSystemStatusData=null, iLowBattery=false, lowBatteryCount=0, reDispatchCount=0, tagError=false, fixAgvTagErrorCompleted=false, tagErrorDispatchCompleted=false, lastTaskBuffer=false, obstacleCount=0, scanCountForHandleNotExecutingTaskRedispatch=0, iAlarm=false)}
2024-05-13 14:20:14,249 INFO (GridManager.java:38)- Initialize gridMap: {2-T-10=Grid(gridName=2-T-10, id=78, status=FREE), 2-A-14=Grid(gridName=2-A-14, id=92, status=FREE), 3-R-9=Grid(gridName=3-R-9, id=109, status=FREE), 2-A-15=Grid(gridName=2-A-15, id=93, status=FREE), 2-A-12=Grid(gridName=2-A-12, id=90, status=FREE), 2-A-13=Grid(gridName=2-A-13, id=91, status=FREE), 3-R-5=Grid(gridName=3-R-5, id=64, status=FREE), 2-A-18=Grid(gridName=2-A-18, id=96, status=FREE), 3-R-6=Grid(gridName=3-R-6, id=65, status=FREE), 2-A-19=Grid(gridName=2-A-19, id=97, status=FREE), 3-R-7=Grid(gridName=3-R-7, id=66, status=FREE), 2-A-16=Grid(gridName=2-A-16, id=94, status=FREE), 3-R-8=Grid(gridName=3-R-8, id=67, status=FREE), 2-A-17=Grid(gridName=2-A-17, id=95, status=FREE), 2-T-2=Grid(gridName=2-T-2, id=70, status=FREE), 2-T-3=Grid(gridName=2-T-3, id=71, status=FREE), 2-T-1=Grid(gridName=2-T-1, id=69, status=FREE), 2-A-10=Grid(gridName=2-A-10, id=88, status=FREE), 2-A-11=Grid(gridName=2-A-11, id=89, status=FREE), 1-R-1=Grid(gridName=1-R-1, id=9, status=FREE), 1-R-2=Grid(gridName=1-R-2, id=10, status=FREE), 3-B-1=Grid(gridName=3-B-1, id=26, status=FREE), 3-B-2=Grid(gridName=3-B-2, id=27, status=FREE), 3-B-3=Grid(gridName=3-B-3, id=28, status=FREE), 3-B-4=Grid(gridName=3-B-4, id=29, status=FREE), 2-T-8=Grid(gridName=2-T-8, id=76, status=FREE), 2-T-9=Grid(gridName=2-T-9, id=77, status=FREE), 3-B-5=Grid(gridName=3-B-5, id=30, status=FREE), 2-T-6=Grid(gridName=2-T-6, id=74, status=FREE), 3-B-6=Grid(gridName=3-B-6, id=31, status=FREE), 2-T-7=Grid(gridName=2-T-7, id=75, status=FREE), 3-B-7=Grid(gridName=3-B-7, id=32, status=FREE), 2-T-4=Grid(gridName=2-T-4, id=72, status=FREE), 3-B-8=Grid(gridName=3-B-8, id=33, status=FREE), 2-T-5=Grid(gridName=2-T-5, id=73, status=FREE), 3-R-1=Grid(gridName=3-R-1, id=60, status=FREE), 3-R-2=Grid(gridName=3-R-2, id=61, status=FREE), 3-S=Grid(gridName=3-S, id=68, status=FREE), 3-R-3=Grid(gridName=3-R-3, id=62, status=FREE), 3-R-4=Grid(gridName=3-R-4, id=63, status=FREE), 2-A-9=Grid(gridName=2-A-9, id=87, status=FREE), 2-A-7=Grid(gridName=2-A-7, id=85, status=FREE), 2-A-8=Grid(gridName=2-A-8, id=86, status=FREE), 2-A-5=Grid(gridName=2-A-5, id=83, status=FREE), 2-A-6=Grid(gridName=2-A-6, id=84, status=FREE), 2-A-3=Grid(gridName=2-A-3, id=81, status=FREE), 2-A-4=Grid(gridName=2-A-4, id=82, status=FREE), 2-A-1=Grid(gridName=2-A-1, id=79, status=FREE), 2-A-2=Grid(gridName=2-A-2, id=80, status=FREE), 3-C-1=Grid(gridName=3-C-1, id=34, status=BOOKED), 3-C-2=Grid(gridName=3-C-2, id=35, status=BOOKED), 3-C-3=Grid(gridName=3-C-3, id=36, status=BOOKED), 3-C-8=Grid(gridName=3-C-8, id=41, status=FREE), 3-C-9=Grid(gridName=3-C-9, id=42, status=FREE), 3-R-10=Grid(gridName=3-R-10, id=110, status=FREE), 3-C-4=Grid(gridName=3-C-4, id=37, status=BOOKED), 3-C-5=Grid(gridName=3-C-5, id=38, status=FREE), 3-C-6=Grid(gridName=3-C-6, id=39, status=FREE), 3-C-7=Grid(gridName=3-C-7, id=40, status=FREE), 2-S=Grid(gridName=2-S, id=99, status=FREE), 3-T-7=Grid(gridName=3-T-7, id=18, status=FREE), 3-T-8=Grid(gridName=3-T-8, id=19, status=FREE), 3-T-3=Grid(gridName=3-T-3, id=14, status=FREE), 3-T-4=Grid(gridName=3-T-4, id=15, status=FREE), 3-T-5=Grid(gridName=3-T-5, id=16, status=FREE), 3-T-6=Grid(gridName=3-T-6, id=17, status=FREE), 1-T-1=Grid(gridName=1-T-1, id=1, status=BOOKED), 1-T-2=Grid(gridName=1-T-2, id=2, status=BOOKED), 1-T-3=Grid(gridName=1-T-3, id=3, status=BOOKED), 1-T-4=Grid(gridName=1-T-4, id=4, status=BOOKED), 1-T-5=Grid(gridName=1-T-5, id=5, status=FREE), E-1=Grid(gridName=E-1, id=100, status=FREE), 1-T-6=Grid(gridName=1-T-6, id=6, status=FREE), 1-T-7=Grid(gridName=1-T-7, id=7, status=FREE), 3-D-1=Grid(gridName=3-D-1, id=52, status=FREE), E-3=Grid(gridName=E-3, id=102, status=FREE), 1-T-8=Grid(gridName=1-T-8, id=8, status=FREE), 3-D-2=Grid(gridName=3-D-2, id=53, status=FREE), E-2=Grid(gridName=E-2, id=101, status=FREE), E-5=Grid(gridName=E-5, id=104, status=FREE), E-4=Grid(gridName=E-4, id=103, status=FREE), E-7=Grid(gridName=E-7, id=106, status=FREE), E-6=Grid(gridName=E-6, id=105, status=FREE), 3-D-7=Grid(gridName=3-D-7, id=58, status=FREE), 3-D-8=Grid(gridName=3-D-8, id=59, status=FREE), E-8=Grid(gridName=E-8, id=107, status=FREE), 3-D-3=Grid(gridName=3-D-3, id=54, status=FREE), 3-D-4=Grid(gridName=3-D-4, id=55, status=FREE), 3-D-5=Grid(gridName=3-D-5, id=56, status=FREE), 1-S=Grid(gridName=1-S, id=11, status=FREE), 3-D-6=Grid(gridName=3-D-6, id=57, status=FREE), 3-T-1=Grid(gridName=3-T-1, id=12, status=FREE), 3-T-2=Grid(gridName=3-T-2, id=13, status=FREE), Elevator=Grid(gridName=Elevator, id=108, status=FREE), 3-C-10=Grid(gridName=3-C-10, id=43, status=FREE), 3-C-11=Grid(gridName=3-C-11, id=44, status=FREE), 3-C-12=Grid(gridName=3-C-12, id=45, status=FREE), 3-C-13=Grid(gridName=3-C-13, id=46, status=FREE), 3-C-14=Grid(gridName=3-C-14, id=47, status=FREE), 3-A-2=Grid(gridName=3-A-2, id=21, status=FREE), 3-C-15=Grid(gridName=3-C-15, id=48, status=FREE), 3-A-3=Grid(gridName=3-A-3, id=22, status=FREE), 3-C-16=Grid(gridName=3-C-16, id=49, status=FREE), 3-A-4=Grid(gridName=3-A-4, id=23, status=FREE), 3-C-17=Grid(gridName=3-C-17, id=50, status=FREE), 3-A-5=Grid(gridName=3-A-5, id=24, status=FREE), 3-C-18=Grid(gridName=3-C-18, id=51, status=FREE), 3-A-1=Grid(gridName=3-A-1, id=20, status=FREE), 2-A-20=Grid(gridName=2-A-20, id=98, status=FREE), 3-A-6=Grid(gridName=3-A-6, id=25, status=FREE)}
2024-05-13 14:20:14,263 INFO (TaskListManager.java:55)- Initialize taskListMap: {1=null, 2=null}
2024-05-13 14:20:14,363 ERROR (SettingService.java:36)- Failed to load application.yml
2024-05-13 14:20:14,364 INFO (SettingService.java:39)- Config file path: /Users/michael/Documents/JavaProject/agv_WTools/application.yml
2024-05-13 14:20:14,771 INFO (StartupInfoLogger.java:57)- Started ApplicationTests in 2.912 seconds (process running for 4.395)
2024-05-13 14:20:14,844 WARN (AGVInstantStatus.java:444)- Traffic Control is not connected
2024-05-13 14:20:15,684 INFO (ElevatorSocketBox.java:152)- Closing Socket...
2024-05-13 14:20:15,685 WARN (ElevatorSocketBox.java:162)- Unsuccessful connection to ElevatorSocketBox
2024-05-13 14:20:15,687 INFO (ElevatorSocketBox.java:177)- All SocketThread has been terminated!
2024-05-13 14:20:15,687 WARN (ElevatorSocketBox.java:204)- Failed to connect to ElevatorSocketBox, try again later...
2024-05-13 14:47:29,136 INFO (StartupInfoLogger.java:51)- Starting ApplicationTests using Java 19.0.1 with PID 97255 (started by michael in /Users/michael/Documents/JavaProject/agv_WTools)
2024-05-13 14:47:29,138 INFO (SpringApplication.java:634)- No active profile set, falling back to 1 default profile: "default"
2024-05-13 14:47:30,042 INFO (Slf4jMLog.java:212)- MLog clients using slf4j logging.
2024-05-13 14:47:30,141 INFO (Slf4jMLog.java:212)- Initializing c3p0-0.9.5.5 [built 11-December-2019 22:18:33 -0800; debug? true; trace: 10]
2024-05-13 14:47:30,260 INFO (Slf4jMLog.java:212)- Initializing c3p0 pool... com.mchange.v2.c3p0.ComboPooledDataSource [ acquireIncrement -> 3, acquireRetryAttempts -> 30, acquireRetryDelay -> 1000, autoCommitOnClose -> false, automaticTestTable -> null, breakAfterAcquireFailure -> false, checkoutTimeout -> 0, connectionCustomizerClassName -> null, connectionTesterClassName -> com.mchange.v2.c3p0.impl.DefaultConnectionTester, contextClassLoaderSource -> caller, dataSourceName -> 2sbkolb3v9sizbfhqkp1|31120021, debugUnreturnedConnectionStackTraces -> true, description -> null, driverClass -> com.mysql.cj.jdbc.Driver, extensions -> {}, factoryClassLocation -> null, forceIgnoreUnresolvedTransactions -> false, forceSynchronousCheckins -> false, forceUseNamedDriverClass -> false, identityToken -> 2sbkolb3v9sizbfhqkp1|31120021, idleConnectionTestPeriod -> 0, initialPoolSize -> 3, jdbcUrl -> jdbc:mysql://localhost:3306/AGV_WTools?zeroDateTimeBehavior=convertToNull&serverTimezone=Asia/Taipei&characterEncoding=utf-8&useUnicode=true, maxAdministrativeTaskTime -> 0, maxConnectionAge -> 3600, maxIdleTime -> 0, maxIdleTimeExcessConnections -> 60, maxPoolSize -> 15, maxStatements -> 0, maxStatementsPerConnection -> 0, minPoolSize -> 3, numHelperThreads -> 3, preferredTestQuery -> null, privilegeSpawnedThreads -> false, properties -> {password=******, user=******}, propertyCycle -> 0, statementCacheNumDeferredCloseThreads -> 0, testConnectionOnCheckin -> false, testConnectionOnCheckout -> false, unreturnedConnectionTimeout -> 0, userOverrides -> {}, usesTraditionalReflectiveProxies -> false ]
2024-05-13 14:47:30,651 INFO (AGVManager.java:45)- Initialize agvMap: {1=AGV(id=1, status=OFFLINE, place=null, battery=0, signal=0, iScan=false, task=null, taskStatus=NO_TASK, title=AMR_1, lastAgvSystemStatusData=null, iLowBattery=false, lowBatteryCount=0, reDispatchCount=0, tagError=false, fixAgvTagErrorCompleted=false, tagErrorDispatchCompleted=false, lastTaskBuffer=false, obstacleCount=0, scanCountForHandleNotExecutingTaskRedispatch=0, iAlarm=false), 2=AGV(id=2, status=OFFLINE, place=null, battery=0, signal=0, iScan=false, task=null, taskStatus=NO_TASK, title=AMR_2, lastAgvSystemStatusData=null, iLowBattery=false, lowBatteryCount=0, reDispatchCount=0, tagError=false, fixAgvTagErrorCompleted=false, tagErrorDispatchCompleted=false, lastTaskBuffer=false, obstacleCount=0, scanCountForHandleNotExecutingTaskRedispatch=0, iAlarm=false), 3=AGV(id=3, status=OFFLINE, place=null, battery=0, signal=0, iScan=false, task=null, taskStatus=NO_TASK, title=AMR_3, lastAgvSystemStatusData=null, iLowBattery=false, lowBatteryCount=0, reDispatchCount=0, tagError=false, fixAgvTagErrorCompleted=false, tagErrorDispatchCompleted=false, lastTaskBuffer=false, obstacleCount=0, scanCountForHandleNotExecutingTaskRedispatch=0, iAlarm=false)}
2024-05-13 14:47:30,717 INFO (GridManager.java:38)- Initialize gridMap: {2-T-10=Grid(gridName=2-T-10, id=78, status=FREE), 2-A-14=Grid(gridName=2-A-14, id=92, status=FREE), 3-R-9=Grid(gridName=3-R-9, id=109, status=FREE), 2-A-15=Grid(gridName=2-A-15, id=93, status=FREE), 2-A-12=Grid(gridName=2-A-12, id=90, status=FREE), 2-A-13=Grid(gridName=2-A-13, id=91, status=FREE), 3-R-5=Grid(gridName=3-R-5, id=64, status=FREE), 2-A-18=Grid(gridName=2-A-18, id=96, status=FREE), 3-R-6=Grid(gridName=3-R-6, id=65, status=FREE), 2-A-19=Grid(gridName=2-A-19, id=97, status=FREE), 3-R-7=Grid(gridName=3-R-7, id=66, status=FREE), 2-A-16=Grid(gridName=2-A-16, id=94, status=FREE), 3-R-8=Grid(gridName=3-R-8, id=67, status=FREE), 2-A-17=Grid(gridName=2-A-17, id=95, status=FREE), 2-T-2=Grid(gridName=2-T-2, id=70, status=FREE), 2-T-3=Grid(gridName=2-T-3, id=71, status=FREE), 2-T-1=Grid(gridName=2-T-1, id=69, status=FREE), 2-A-10=Grid(gridName=2-A-10, id=88, status=FREE), 2-A-11=Grid(gridName=2-A-11, id=89, status=FREE), 1-R-1=Grid(gridName=1-R-1, id=9, status=FREE), 1-R-2=Grid(gridName=1-R-2, id=10, status=FREE), 3-B-1=Grid(gridName=3-B-1, id=26, status=FREE), 3-B-2=Grid(gridName=3-B-2, id=27, status=FREE), 3-B-3=Grid(gridName=3-B-3, id=28, status=FREE), 3-B-4=Grid(gridName=3-B-4, id=29, status=FREE), 2-T-8=Grid(gridName=2-T-8, id=76, status=FREE), 2-T-9=Grid(gridName=2-T-9, id=77, status=FREE), 3-B-5=Grid(gridName=3-B-5, id=30, status=FREE), 2-T-6=Grid(gridName=2-T-6, id=74, status=FREE), 3-B-6=Grid(gridName=3-B-6, id=31, status=FREE), 2-T-7=Grid(gridName=2-T-7, id=75, status=FREE), 3-B-7=Grid(gridName=3-B-7, id=32, status=FREE), 2-T-4=Grid(gridName=2-T-4, id=72, status=FREE), 3-B-8=Grid(gridName=3-B-8, id=33, status=FREE), 2-T-5=Grid(gridName=2-T-5, id=73, status=FREE), 3-R-1=Grid(gridName=3-R-1, id=60, status=FREE), 3-R-2=Grid(gridName=3-R-2, id=61, status=FREE), 3-S=Grid(gridName=3-S, id=68, status=FREE), 3-R-3=Grid(gridName=3-R-3, id=62, status=FREE), 3-R-4=Grid(gridName=3-R-4, id=63, status=FREE), 2-A-9=Grid(gridName=2-A-9, id=87, status=FREE), 2-A-7=Grid(gridName=2-A-7, id=85, status=FREE), 2-A-8=Grid(gridName=2-A-8, id=86, status=FREE), 2-A-5=Grid(gridName=2-A-5, id=83, status=FREE), 2-A-6=Grid(gridName=2-A-6, id=84, status=FREE), 2-A-3=Grid(gridName=2-A-3, id=81, status=FREE), 2-A-4=Grid(gridName=2-A-4, id=82, status=FREE), 2-A-1=Grid(gridName=2-A-1, id=79, status=FREE), 2-A-2=Grid(gridName=2-A-2, id=80, status=FREE), 3-C-1=Grid(gridName=3-C-1, id=34, status=BOOKED), 3-C-2=Grid(gridName=3-C-2, id=35, status=BOOKED), 3-C-3=Grid(gridName=3-C-3, id=36, status=BOOKED), 3-C-8=Grid(gridName=3-C-8, id=41, status=FREE), 3-C-9=Grid(gridName=3-C-9, id=42, status=FREE), 3-R-10=Grid(gridName=3-R-10, id=110, status=FREE), 3-C-4=Grid(gridName=3-C-4, id=37, status=BOOKED), 3-C-5=Grid(gridName=3-C-5, id=38, status=FREE), 3-C-6=Grid(gridName=3-C-6, id=39, status=FREE), 3-C-7=Grid(gridName=3-C-7, id=40, status=FREE), 2-S=Grid(gridName=2-S, id=99, status=FREE), 3-T-7=Grid(gridName=3-T-7, id=18, status=FREE), 3-T-8=Grid(gridName=3-T-8, id=19, status=FREE), 3-T-3=Grid(gridName=3-T-3, id=14, status=FREE), 3-T-4=Grid(gridName=3-T-4, id=15, status=FREE), 3-T-5=Grid(gridName=3-T-5, id=16, status=FREE), 3-T-6=Grid(gridName=3-T-6, id=17, status=FREE), 1-T-1=Grid(gridName=1-T-1, id=1, status=BOOKED), 1-T-2=Grid(gridName=1-T-2, id=2, status=BOOKED), 1-T-3=Grid(gridName=1-T-3, id=3, status=BOOKED), 1-T-4=Grid(gridName=1-T-4, id=4, status=BOOKED), 1-T-5=Grid(gridName=1-T-5, id=5, status=FREE), E-1=Grid(gridName=E-1, id=100, status=FREE), 1-T-6=Grid(gridName=1-T-6, id=6, status=FREE), 1-T-7=Grid(gridName=1-T-7, id=7, status=FREE), 3-D-1=Grid(gridName=3-D-1, id=52, status=FREE), E-3=Grid(gridName=E-3, id=102, status=FREE), 1-T-8=Grid(gridName=1-T-8, id=8, status=FREE), 3-D-2=Grid(gridName=3-D-2, id=53, status=FREE), E-2=Grid(gridName=E-2, id=101, status=FREE), E-5=Grid(gridName=E-5, id=104, status=FREE), E-4=Grid(gridName=E-4, id=103, status=FREE), E-7=Grid(gridName=E-7, id=106, status=FREE), E-6=Grid(gridName=E-6, id=105, status=FREE), 3-D-7=Grid(gridName=3-D-7, id=58, status=FREE), 3-D-8=Grid(gridName=3-D-8, id=59, status=FREE), E-8=Grid(gridName=E-8, id=107, status=FREE), 3-D-3=Grid(gridName=3-D-3, id=54, status=FREE), 3-D-4=Grid(gridName=3-D-4, id=55, status=FREE), 3-D-5=Grid(gridName=3-D-5, id=56, status=FREE), 1-S=Grid(gridName=1-S, id=11, status=FREE), 3-D-6=Grid(gridName=3-D-6, id=57, status=FREE), 3-T-1=Grid(gridName=3-T-1, id=12, status=FREE), 3-T-2=Grid(gridName=3-T-2, id=13, status=FREE), Elevator=Grid(gridName=Elevator, id=108, status=FREE), 3-C-10=Grid(gridName=3-C-10, id=43, status=FREE), 3-C-11=Grid(gridName=3-C-11, id=44, status=FREE), 3-C-12=Grid(gridName=3-C-12, id=45, status=FREE), 3-C-13=Grid(gridName=3-C-13, id=46, status=FREE), 3-C-14=Grid(gridName=3-C-14, id=47, status=FREE), 3-A-2=Grid(gridName=3-A-2, id=21, status=FREE), 3-C-15=Grid(gridName=3-C-15, id=48, status=FREE), 3-A-3=Grid(gridName=3-A-3, id=22, status=FREE), 3-C-16=Grid(gridName=3-C-16, id=49, status=FREE), 3-A-4=Grid(gridName=3-A-4, id=23, status=FREE), 3-C-17=Grid(gridName=3-C-17, id=50, status=FREE), 3-A-5=Grid(gridName=3-A-5, id=24, status=FREE), 3-C-18=Grid(gridName=3-C-18, id=51, status=FREE), 3-A-1=Grid(gridName=3-A-1, id=20, status=FREE), 2-A-20=Grid(gridName=2-A-20, id=98, status=FREE), 3-A-6=Grid(gridName=3-A-6, id=25, status=FREE)}
2024-05-13 14:47:30,728 INFO (TaskListManager.java:55)- Initialize taskListMap: {1=null, 2=null}
2024-05-13 14:47:30,826 ERROR (SettingService.java:36)- Failed to load application.yml
2024-05-13 14:47:30,826 INFO (SettingService.java:39)- Config file path: /Users/michael/Documents/JavaProject/agv_WTools/application.yml
2024-05-13 14:47:31,241 INFO (StartupInfoLogger.java:57)- Started ApplicationTests in 2.533 seconds (process running for 3.561)
2024-05-13 14:47:31,329 WARN (AGVInstantStatus.java:444)- Traffic Control is not connected
2024-05-13 14:47:32,078 INFO (ElevatorSocketBox.java:152)- Closing Socket...
2024-05-13 14:47:32,079 WARN (ElevatorSocketBox.java:162)- Unsuccessful connection to ElevatorSocketBox
2024-05-13 14:47:32,080 INFO (ElevatorSocketBox.java:177)- All SocketThread has been terminated!
2024-05-13 14:47:32,081 WARN (ElevatorSocketBox.java:204)- Failed to connect to ElevatorSocketBox, try again later...
2024-05-13 16:49:42,594 INFO (StartupInfoLogger.java:51)- Starting ApplicationTests using Java 19.0.1 with PID 98480 (started by michael in /Users/michael/Documents/JavaProject/agv_WTools)
2024-05-13 16:49:42,596 INFO (SpringApplication.java:634)- No active profile set, falling back to 1 default profile: "default"
2024-05-13 16:49:43,580 INFO (Slf4jMLog.java:212)- MLog clients using slf4j logging.
2024-05-13 16:49:43,683 INFO (Slf4jMLog.java:212)- Initializing c3p0-0.9.5.5 [built 11-December-2019 22:18:33 -0800; debug? true; trace: 10]
2024-05-13 16:49:43,824 INFO (Slf4jMLog.java:212)- Initializing c3p0 pool... com.mchange.v2.c3p0.ComboPooledDataSource [ acquireIncrement -> 3, acquireRetryAttempts -> 30, acquireRetryDelay -> 1000, autoCommitOnClose -> false, automaticTestTable -> null, breakAfterAcquireFailure -> false, checkoutTimeout -> 0, connectionCustomizerClassName -> null, connectionTesterClassName -> com.mchange.v2.c3p0.impl.DefaultConnectionTester, contextClassLoaderSource -> caller, dataSourceName -> 2sbkolb3ve5pkq1hhem4t|4aa11206, debugUnreturnedConnectionStackTraces -> true, description -> null, driverClass -> com.mysql.cj.jdbc.Driver, extensions -> {}, factoryClassLocation -> null, forceIgnoreUnresolvedTransactions -> false, forceSynchronousCheckins -> false, forceUseNamedDriverClass -> false, identityToken -> 2sbkolb3ve5pkq1hhem4t|4aa11206, idleConnectionTestPeriod -> 0, initialPoolSize -> 3, jdbcUrl -> jdbc:mysql://localhost:3306/AGV_WTools?zeroDateTimeBehavior=convertToNull&serverTimezone=Asia/Taipei&characterEncoding=utf-8&useUnicode=true, maxAdministrativeTaskTime -> 0, maxConnectionAge -> 3600, maxIdleTime -> 0, maxIdleTimeExcessConnections -> 60, maxPoolSize -> 15, maxStatements -> 0, maxStatementsPerConnection -> 0, minPoolSize -> 3, numHelperThreads -> 3, preferredTestQuery -> null, privilegeSpawnedThreads -> false, properties -> {password=******, user=******}, propertyCycle -> 0, statementCacheNumDeferredCloseThreads -> 0, testConnectionOnCheckin -> false, testConnectionOnCheckout -> false, unreturnedConnectionTimeout -> 0, userOverrides -> {}, usesTraditionalReflectiveProxies -> false ]
2024-05-13 16:49:44,316 INFO (AGVManager.java:45)- Initialize agvMap: {1=AGV(id=1, status=OFFLINE, place=null, battery=0, signal=0, iScan=false, task=null, taskStatus=NO_TASK, title=AMR_1, lastAgvSystemStatusData=null, iLowBattery=false, lowBatteryCount=0, reDispatchCount=0, tagError=false, fixAgvTagErrorCompleted=false, tagErrorDispatchCompleted=false, lastTaskBuffer=false, obstacleCount=0, scanCountForHandleNotExecutingTaskRedispatch=0, iAlarm=false), 2=AGV(id=2, status=OFFLINE, place=null, battery=0, signal=0, iScan=false, task=null, taskStatus=NO_TASK, title=AMR_2, lastAgvSystemStatusData=null, iLowBattery=false, lowBatteryCount=0, reDispatchCount=0, tagError=false, fixAgvTagErrorCompleted=false, tagErrorDispatchCompleted=false, lastTaskBuffer=false, obstacleCount=0, scanCountForHandleNotExecutingTaskRedispatch=0, iAlarm=false), 3=AGV(id=3, status=OFFLINE, place=null, battery=0, signal=0, iScan=false, task=null, taskStatus=NO_TASK, title=AMR_3, lastAgvSystemStatusData=null, iLowBattery=false, lowBatteryCount=0, reDispatchCount=0, tagError=false, fixAgvTagErrorCompleted=false, tagErrorDispatchCompleted=false, lastTaskBuffer=false, obstacleCount=0, scanCountForHandleNotExecutingTaskRedispatch=0, iAlarm=false)}
2024-05-13 16:49:44,399 INFO (GridManager.java:38)- Initialize gridMap: {2-T-10=Grid(gridName=2-T-10, id=78, status=FREE), 2-A-14=Grid(gridName=2-A-14, id=92, status=FREE), 3-R-9=Grid(gridName=3-R-9, id=109, status=FREE), 2-A-15=Grid(gridName=2-A-15, id=93, status=FREE), 2-A-12=Grid(gridName=2-A-12, id=90, status=FREE), 2-A-13=Grid(gridName=2-A-13, id=91, status=FREE), 3-R-5=Grid(gridName=3-R-5, id=64, status=FREE), 2-A-18=Grid(gridName=2-A-18, id=96, status=FREE), 3-R-6=Grid(gridName=3-R-6, id=65, status=FREE), 2-A-19=Grid(gridName=2-A-19, id=97, status=FREE), 3-R-7=Grid(gridName=3-R-7, id=66, status=FREE), 2-A-16=Grid(gridName=2-A-16, id=94, status=FREE), 3-R-8=Grid(gridName=3-R-8, id=67, status=FREE), 2-A-17=Grid(gridName=2-A-17, id=95, status=FREE), 2-T-2=Grid(gridName=2-T-2, id=70, status=FREE), 2-T-3=Grid(gridName=2-T-3, id=71, status=FREE), 2-T-1=Grid(gridName=2-T-1, id=69, status=FREE), 2-A-10=Grid(gridName=2-A-10, id=88, status=FREE), 2-A-11=Grid(gridName=2-A-11, id=89, status=FREE), 1-R-1=Grid(gridName=1-R-1, id=9, status=FREE), 1-R-2=Grid(gridName=1-R-2, id=10, status=FREE), 3-B-1=Grid(gridName=3-B-1, id=26, status=FREE), 3-B-2=Grid(gridName=3-B-2, id=27, status=FREE), 3-B-3=Grid(gridName=3-B-3, id=28, status=FREE), 3-B-4=Grid(gridName=3-B-4, id=29, status=FREE), 2-T-8=Grid(gridName=2-T-8, id=76, status=FREE), 2-T-9=Grid(gridName=2-T-9, id=77, status=FREE), 3-B-5=Grid(gridName=3-B-5, id=30, status=FREE), 2-T-6=Grid(gridName=2-T-6, id=74, status=FREE), 3-B-6=Grid(gridName=3-B-6, id=31, status=FREE), 2-T-7=Grid(gridName=2-T-7, id=75, status=FREE), 3-B-7=Grid(gridName=3-B-7, id=32, status=FREE), 2-T-4=Grid(gridName=2-T-4, id=72, status=FREE), 3-B-8=Grid(gridName=3-B-8, id=33, status=FREE), 2-T-5=Grid(gridName=2-T-5, id=73, status=FREE), 3-R-1=Grid(gridName=3-R-1, id=60, status=FREE), 3-R-2=Grid(gridName=3-R-2, id=61, status=FREE), 3-S=Grid(gridName=3-S, id=68, status=FREE), 3-R-3=Grid(gridName=3-R-3, id=62, status=FREE), 3-R-4=Grid(gridName=3-R-4, id=63, status=FREE), 2-A-9=Grid(gridName=2-A-9, id=87, status=FREE), 2-A-7=Grid(gridName=2-A-7, id=85, status=FREE), 2-A-8=Grid(gridName=2-A-8, id=86, status=FREE), 2-A-5=Grid(gridName=2-A-5, id=83, status=FREE), 2-A-6=Grid(gridName=2-A-6, id=84, status=FREE), 2-A-3=Grid(gridName=2-A-3, id=81, status=FREE), 2-A-4=Grid(gridName=2-A-4, id=82, status=FREE), 2-A-1=Grid(gridName=2-A-1, id=79, status=FREE), 2-A-2=Grid(gridName=2-A-2, id=80, status=FREE), 3-C-1=Grid(gridName=3-C-1, id=34, status=BOOKED), 3-C-2=Grid(gridName=3-C-2, id=35, status=BOOKED), 3-C-3=Grid(gridName=3-C-3, id=36, status=BOOKED), 3-C-8=Grid(gridName=3-C-8, id=41, status=FREE), 3-C-9=Grid(gridName=3-C-9, id=42, status=FREE), 3-R-10=Grid(gridName=3-R-10, id=110, status=FREE), 3-C-4=Grid(gridName=3-C-4, id=37, status=BOOKED), 3-C-5=Grid(gridName=3-C-5, id=38, status=FREE), 3-C-6=Grid(gridName=3-C-6, id=39, status=FREE), 3-C-7=Grid(gridName=3-C-7, id=40, status=FREE), 2-S=Grid(gridName=2-S, id=99, status=FREE), 3-T-7=Grid(gridName=3-T-7, id=18, status=FREE), 3-T-8=Grid(gridName=3-T-8, id=19, status=FREE), 3-T-3=Grid(gridName=3-T-3, id=14, status=FREE), 3-T-4=Grid(gridName=3-T-4, id=15, status=FREE), 3-T-5=Grid(gridName=3-T-5, id=16, status=FREE), 3-T-6=Grid(gridName=3-T-6, id=17, status=FREE), 1-T-1=Grid(gridName=1-T-1, id=1, status=BOOKED), 1-T-2=Grid(gridName=1-T-2, id=2, status=BOOKED), 1-T-3=Grid(gridName=1-T-3, id=3, status=BOOKED), 1-T-4=Grid(gridName=1-T-4, id=4, status=BOOKED), 1-T-5=Grid(gridName=1-T-5, id=5, status=FREE), E-1=Grid(gridName=E-1, id=100, status=FREE), 1-T-6=Grid(gridName=1-T-6, id=6, status=FREE), 1-T-7=Grid(gridName=1-T-7, id=7, status=FREE), 3-D-1=Grid(gridName=3-D-1, id=52, status=FREE), E-3=Grid(gridName=E-3, id=102, status=FREE), 1-T-8=Grid(gridName=1-T-8, id=8, status=FREE), 3-D-2=Grid(gridName=3-D-2, id=53, status=FREE), E-2=Grid(gridName=E-2, id=101, status=FREE), E-5=Grid(gridName=E-5, id=104, status=FREE), E-4=Grid(gridName=E-4, id=103, status=FREE), E-7=Grid(gridName=E-7, id=106, status=FREE), E-6=Grid(gridName=E-6, id=105, status=FREE), 3-D-7=Grid(gridName=3-D-7, id=58, status=FREE), 3-D-8=Grid(gridName=3-D-8, id=59, status=FREE), E-8=Grid(gridName=E-8, id=107, status=FREE), 3-D-3=Grid(gridName=3-D-3, id=54, status=FREE), 3-D-4=Grid(gridName=3-D-4, id=55, status=FREE), 3-D-5=Grid(gridName=3-D-5, id=56, status=FREE), 1-S=Grid(gridName=1-S, id=11, status=FREE), 3-D-6=Grid(gridName=3-D-6, id=57, status=FREE), 3-T-1=Grid(gridName=3-T-1, id=12, status=FREE), 3-T-2=Grid(gridName=3-T-2, id=13, status=FREE), Elevator=Grid(gridName=Elevator, id=108, status=FREE), 3-C-10=Grid(gridName=3-C-10, id=43, status=FREE), 3-C-11=Grid(gridName=3-C-11, id=44, status=FREE), 3-C-12=Grid(gridName=3-C-12, id=45, status=FREE), 3-C-13=Grid(gridName=3-C-13, id=46, status=FREE), 3-C-14=Grid(gridName=3-C-14, id=47, status=FREE), 3-A-2=Grid(gridName=3-A-2, id=21, status=FREE), 3-C-15=Grid(gridName=3-C-15, id=48, status=FREE), 3-A-3=Grid(gridName=3-A-3, id=22, status=FREE), 3-C-16=Grid(gridName=3-C-16, id=49, status=FREE), 3-A-4=Grid(gridName=3-A-4, id=23, status=FREE), 3-C-17=Grid(gridName=3-C-17, id=50, status=FREE), 3-A-5=Grid(gridName=3-A-5, id=24, status=FREE), 3-C-18=Grid(gridName=3-C-18, id=51, status=FREE), 3-A-1=Grid(gridName=3-A-1, id=20, status=FREE), 2-A-20=Grid(gridName=2-A-20, id=98, status=FREE), 3-A-6=Grid(gridName=3-A-6, id=25, status=FREE)}
2024-05-13 16:49:44,410 INFO (TaskListManager.java:55)- Initialize taskListMap: {1=null, 2=null}
2024-05-13 16:49:44,515 ERROR (SettingService.java:36)- Failed to load application.yml
2024-05-13 16:49:44,515 INFO (SettingService.java:39)- Config file path: /Users/michael/Documents/JavaProject/agv_WTools/application.yml
2024-05-13 16:49:45,021 INFO (StartupInfoLogger.java:57)- Started ApplicationTests in 2.781 seconds (process running for 3.55)
2024-05-13 16:49:45,161 WARN (AGVInstantStatus.java:444)- Traffic Control is not connected
2024-05-13 16:49:46,034 INFO (ElevatorSocketBox.java:152)- Closing Socket...
2024-05-13 16:49:46,035 WARN (ElevatorSocketBox.java:162)- Unsuccessful connection to ElevatorSocketBox
2024-05-13 16:49:46,036 INFO (ElevatorSocketBox.java:177)- All SocketThread has been terminated!
2024-05-13 16:49:46,037 WARN (ElevatorSocketBox.java:204)- Failed to connect to ElevatorSocketBox, try again later...
