2024-03-22 11:10:25,941 INFO (StartupInfoLogger.java:51)- Starting ApplicationTests using Java 19.0.1 with PID 52966 (started by michael in /Users/michael/Documents/JavaProject/agv_WTools)
2024-03-22 11:10:25,945 INFO (SpringApplication.java:634)- No active profile set, falling back to 1 default profile: "default"
2024-03-22 11:10:26,786 INFO (Slf4jMLog.java:212)- MLog clients using slf4j logging.
2024-03-22 11:10:26,898 INFO (Slf4jMLog.java:212)- Initializing c3p0-0.9.5.5 [built 11-December-2019 22:18:33 -0800; debug? true; trace: 10]
2024-03-22 11:10:27,042 INFO (Slf4jMLog.java:212)- Initializing c3p0 pool... com.mchange.v2.c3p0.ComboPooledDataSource [ acquireIncrement -> 3, acquireRetryAttempts -> 30, acquireRetryDelay -> 1000, autoCommitOnClose -> false, automaticTestTable -> null, breakAfterAcquireFailure -> false, checkoutTimeout -> 0, connectionCustomizerClassName -> null, connectionTesterClassName -> com.mchange.v2.c3p0.impl.DefaultConnectionTester, contextClassLoaderSource -> caller, dataSourceName -> 2sbkq3b2rs95heba9vku|5edacf20, debugUnreturnedConnectionStackTraces -> true, description -> null, driverClass -> com.mysql.cj.jdbc.Driver, extensions -> {}, factoryClassLocation -> null, forceIgnoreUnresolvedTransactions -> false, forceSynchronousCheckins -> false, forceUseNamedDriverClass -> false, identityToken -> 2sbkq3b2rs95heba9vku|5edacf20, idleConnectionTestPeriod -> 0, initialPoolSize -> 3, jdbcUrl -> jdbc:mysql://localhost:3306/AGV_WTools?zeroDateTimeBehavior=convertToNull&serverTimezone=Asia/Taipei&characterEncoding=utf-8&useUnicode=true, maxAdministrativeTaskTime -> 0, maxConnectionAge -> 3600, maxIdleTime -> 0, maxIdleTimeExcessConnections -> 60, maxPoolSize -> 15, maxStatements -> 0, maxStatementsPerConnection -> 0, minPoolSize -> 3, numHelperThreads -> 3, preferredTestQuery -> null, privilegeSpawnedThreads -> false, properties -> {password=******, user=******}, propertyCycle -> 0, statementCacheNumDeferredCloseThreads -> 0, testConnectionOnCheckin -> false, testConnectionOnCheckout -> false, unreturnedConnectionTimeout -> 0, userOverrides -> {}, usesTraditionalReflectiveProxies -> false ]
2024-03-22 11:10:27,533 INFO (AGVManager.java:45)- Initialize agvMap: {1=AGV(id=1, status=null, place=null, battery=0, signal=0, iScan=false, task=null, taskStatus=NO_TASK, title=AMR_1, lastAgvSystemStatusData=null, iLowBattery=false, lowBatteryCount=0, reDispatchCount=0, tagError=false, fixAgvTagErrorCompleted=false, tagErrorDispatchCompleted=false, lastTaskBuffer=false, obstacleCount=0, iAlarm=false), 2=AGV(id=2, status=null, place=null, battery=0, signal=0, iScan=false, task=null, taskStatus=NO_TASK, title=AMR_2, lastAgvSystemStatusData=null, iLowBattery=false, lowBatteryCount=0, reDispatchCount=0, tagError=false, fixAgvTagErrorCompleted=false, tagErrorDispatchCompleted=false, lastTaskBuffer=false, obstacleCount=0, iAlarm=false), 3=AGV(id=3, status=null, place=null, battery=0, signal=0, iScan=false, task=null, taskStatus=NO_TASK, title=AMR_3, lastAgvSystemStatusData=null, iLowBattery=false, lowBatteryCount=0, reDispatchCount=0, tagError=false, fixAgvTagErrorCompleted=false, tagErrorDispatchCompleted=false, lastTaskBuffer=false, obstacleCount=0, iAlarm=false)}
2024-03-22 11:10:27,556 INFO (GridManager.java:30)- Initialize gridMap: {}
2024-03-22 11:10:27,583 INFO (TaskListManager.java:48)- Initialize taskListMap: {1=null, 2=null}
2024-03-22 11:10:28,115 INFO (StartupInfoLogger.java:57)- Started ApplicationTests in 2.604 seconds (process running for 3.515)
2024-03-22 11:10:28,178 WARN (AGVInstantStatus.java:442)- Traffic Control is not connected
2024-03-22 11:10:28,930 INFO (ElevatorSocketBox.java:134)- Closing Socket...
2024-03-22 11:10:28,930 WARN (ElevatorSocketBox.java:144)- Unsuccessful connection to ElevatorSocketBox
2024-03-22 11:10:28,931 INFO (ElevatorSocketBox.java:159)- All SocketThread has been terminated!
2024-03-22 11:10:28,932 WARN (ElevatorSocketBox.java:186)- Failed to connect to ElevatorSocketBox, try again later...
2024-03-22 13:24:11,051 INFO (StartupInfoLogger.java:51)- Starting ApplicationTests using Java 19.0.1 with PID 54192 (started by michael in /Users/michael/Documents/JavaProject/agv_WTools)
2024-03-22 13:24:11,054 INFO (SpringApplication.java:634)- No active profile set, falling back to 1 default profile: "default"
2024-03-22 13:24:11,832 INFO (Slf4jMLog.java:212)- MLog clients using slf4j logging.
2024-03-22 13:24:11,948 INFO (Slf4jMLog.java:212)- Initializing c3p0-0.9.5.5 [built 11-December-2019 22:18:33 -0800; debug? true; trace: 10]
2024-03-22 13:24:12,073 INFO (Slf4jMLog.java:212)- Initializing c3p0 pool... com.mchange.v2.c3p0.ComboPooledDataSource [ acquireIncrement -> 3, acquireRetryAttempts -> 30, acquireRetryDelay -> 1000, autoCommitOnClose -> false, automaticTestTable -> null, breakAfterAcquireFailure -> false, checkoutTimeout -> 0, connectionCustomizerClassName -> null, connectionTesterClassName -> com.mchange.v2.c3p0.impl.DefaultConnectionTester, contextClassLoaderSource -> caller, dataSourceName -> 2sbkq3b2rx15nbg103xb|47e51549, debugUnreturnedConnectionStackTraces -> true, description -> null, driverClass -> com.mysql.cj.jdbc.Driver, extensions -> {}, factoryClassLocation -> null, forceIgnoreUnresolvedTransactions -> false, forceSynchronousCheckins -> false, forceUseNamedDriverClass -> false, identityToken -> 2sbkq3b2rx15nbg103xb|47e51549, idleConnectionTestPeriod -> 0, initialPoolSize -> 3, jdbcUrl -> jdbc:mysql://localhost:3306/AGV_WTools?zeroDateTimeBehavior=convertToNull&serverTimezone=Asia/Taipei&characterEncoding=utf-8&useUnicode=true, maxAdministrativeTaskTime -> 0, maxConnectionAge -> 3600, maxIdleTime -> 0, maxIdleTimeExcessConnections -> 60, maxPoolSize -> 15, maxStatements -> 0, maxStatementsPerConnection -> 0, minPoolSize -> 3, numHelperThreads -> 3, preferredTestQuery -> null, privilegeSpawnedThreads -> false, properties -> {password=******, user=******}, propertyCycle -> 0, statementCacheNumDeferredCloseThreads -> 0, testConnectionOnCheckin -> false, testConnectionOnCheckout -> false, unreturnedConnectionTimeout -> 0, userOverrides -> {}, usesTraditionalReflectiveProxies -> false ]
2024-03-22 13:24:12,529 INFO (AGVManager.java:45)- Initialize agvMap: {1=AGV(id=1, status=null, place=null, battery=0, signal=0, iScan=false, task=null, taskStatus=NO_TASK, title=AMR_1, lastAgvSystemStatusData=null, iLowBattery=false, lowBatteryCount=0, reDispatchCount=0, tagError=false, fixAgvTagErrorCompleted=false, tagErrorDispatchCompleted=false, lastTaskBuffer=false, obstacleCount=0, iAlarm=false), 2=AGV(id=2, status=null, place=null, battery=0, signal=0, iScan=false, task=null, taskStatus=NO_TASK, title=AMR_2, lastAgvSystemStatusData=null, iLowBattery=false, lowBatteryCount=0, reDispatchCount=0, tagError=false, fixAgvTagErrorCompleted=false, tagErrorDispatchCompleted=false, lastTaskBuffer=false, obstacleCount=0, iAlarm=false), 3=AGV(id=3, status=null, place=null, battery=0, signal=0, iScan=false, task=null, taskStatus=NO_TASK, title=AMR_3, lastAgvSystemStatusData=null, iLowBattery=false, lowBatteryCount=0, reDispatchCount=0, tagError=false, fixAgvTagErrorCompleted=false, tagErrorDispatchCompleted=false, lastTaskBuffer=false, obstacleCount=0, iAlarm=false)}
2024-03-22 13:24:12,544 INFO (GridManager.java:30)- Initialize gridMap: {}
2024-03-22 13:24:12,572 INFO (TaskListManager.java:48)- Initialize taskListMap: {1=null, 2=null}
2024-03-22 13:24:13,079 INFO (StartupInfoLogger.java:57)- Started ApplicationTests in 2.393 seconds (process running for 3.211)
2024-03-22 13:24:13,155 WARN (AGVInstantStatus.java:442)- Traffic Control is not connected
2024-03-22 13:24:13,894 INFO (ElevatorSocketBox.java:134)- Closing Socket...
2024-03-22 13:24:13,894 WARN (ElevatorSocketBox.java:144)- Unsuccessful connection to ElevatorSocketBox
2024-03-22 13:24:13,895 INFO (ElevatorSocketBox.java:159)- All SocketThread has been terminated!
2024-03-22 13:24:13,895 WARN (ElevatorSocketBox.java:186)- Failed to connect to ElevatorSocketBox, try again later...
2024-03-22 13:45:58,744 INFO (StartupInfoLogger.java:51)- Starting Application using Java 19.0.1 with PID 54435 (/Users/michael/Documents/JavaProject/agv_WTools/target/classes started by michael in /Users/michael/Documents/JavaProject/agv_WTools)
2024-03-22 13:45:58,747 INFO (SpringApplication.java:634)- No active profile set, falling back to 1 default profile: "default"
2024-03-22 13:45:58,813 INFO (DeferredLog.java:250)- The Class-Path manifest attribute in /Users/michael/.m2/repository/com/mchange/c3p0/0.9.5.5/c3p0-0.9.5.5.jar referenced one or more files that do not exist: file:/Users/michael/.m2/repository/com/mchange/c3p0/0.9.5.5/mchange-commons-java-0.2.19.jar
2024-03-22 13:45:58,814 INFO (DeferredLog.java:250)- Devtools property defaults active! Set 'spring.devtools.add-properties' to 'false' to disable
2024-03-22 13:45:58,814 INFO (DeferredLog.java:250)- For additional web related logging consider setting the 'logging.level.web' property to 'DEBUG'
2024-03-22 13:45:59,981 INFO (TomcatWebServer.java:108)- Tomcat initialized with port(s): 8080 (http)
2024-03-22 13:45:59,989 INFO (DirectJDKLog.java:173)- Initializing ProtocolHandler ["http-nio-8080"]
2024-03-22 13:45:59,992 INFO (DirectJDKLog.java:173)- Starting service [Tomcat]
2024-03-22 13:45:59,992 INFO (DirectJDKLog.java:173)- Starting Servlet engine: [Apache Tomcat/10.1.10]
2024-03-22 13:46:00,050 INFO (DirectJDKLog.java:173)- Initializing Spring embedded WebApplicationContext
2024-03-22 13:46:00,050 INFO (ServletWebServerApplicationContext.java:291)- Root WebApplicationContext: initialization completed in 1235 ms
2024-03-22 13:46:00,134 INFO (Slf4jMLog.java:212)- MLog clients using slf4j logging.
2024-03-22 13:46:00,235 INFO (Slf4jMLog.java:212)- Initializing c3p0-0.9.5.5 [built 11-December-2019 22:18:33 -0800; debug? true; trace: 10]
2024-03-22 13:46:00,371 INFO (Slf4jMLog.java:212)- Initializing c3p0 pool... com.mchange.v2.c3p0.ComboPooledDataSource [ acquireIncrement -> 3, acquireRetryAttempts -> 30, acquireRetryDelay -> 1000, autoCommitOnClose -> false, automaticTestTable -> null, breakAfterAcquireFailure -> false, checkoutTimeout -> 0, connectionCustomizerClassName -> null, connectionTesterClassName -> com.mchange.v2.c3p0.impl.DefaultConnectionTester, contextClassLoaderSource -> caller, dataSourceName -> 2sbkq3b2rxt74qcddxu2|43d17832, debugUnreturnedConnectionStackTraces -> true, description -> null, driverClass -> com.mysql.cj.jdbc.Driver, extensions -> {}, factoryClassLocation -> null, forceIgnoreUnresolvedTransactions -> false, forceSynchronousCheckins -> false, forceUseNamedDriverClass -> false, identityToken -> 2sbkq3b2rxt74qcddxu2|43d17832, idleConnectionTestPeriod -> 0, initialPoolSize -> 3, jdbcUrl -> jdbc:mysql://localhost:3306/AGV_WTools?zeroDateTimeBehavior=convertToNull&serverTimezone=Asia/Taipei&characterEncoding=utf-8&useUnicode=true, maxAdministrativeTaskTime -> 0, maxConnectionAge -> 3600, maxIdleTime -> 0, maxIdleTimeExcessConnections -> 60, maxPoolSize -> 15, maxStatements -> 0, maxStatementsPerConnection -> 0, minPoolSize -> 3, numHelperThreads -> 3, preferredTestQuery -> null, privilegeSpawnedThreads -> false, properties -> {password=******, user=******}, propertyCycle -> 0, statementCacheNumDeferredCloseThreads -> 0, testConnectionOnCheckin -> false, testConnectionOnCheckout -> false, unreturnedConnectionTimeout -> 0, userOverrides -> {}, usesTraditionalReflectiveProxies -> false ]
2024-03-22 13:46:00,760 INFO (AGVManager.java:45)- Initialize agvMap: {1=AGV(id=1, status=null, place=null, battery=0, signal=0, iScan=false, task=null, taskStatus=NO_TASK, title=AMR_1, lastAgvSystemStatusData=null, iLowBattery=false, lowBatteryCount=0, reDispatchCount=0, tagError=false, fixAgvTagErrorCompleted=false, tagErrorDispatchCompleted=false, lastTaskBuffer=false, obstacleCount=0, iAlarm=false), 2=AGV(id=2, status=null, place=null, battery=0, signal=0, iScan=false, task=null, taskStatus=NO_TASK, title=AMR_2, lastAgvSystemStatusData=null, iLowBattery=false, lowBatteryCount=0, reDispatchCount=0, tagError=false, fixAgvTagErrorCompleted=false, tagErrorDispatchCompleted=false, lastTaskBuffer=false, obstacleCount=0, iAlarm=false), 3=AGV(id=3, status=null, place=null, battery=0, signal=0, iScan=false, task=null, taskStatus=NO_TASK, title=AMR_3, lastAgvSystemStatusData=null, iLowBattery=false, lowBatteryCount=0, reDispatchCount=0, tagError=false, fixAgvTagErrorCompleted=false, tagErrorDispatchCompleted=false, lastTaskBuffer=false, obstacleCount=0, iAlarm=false)}
2024-03-22 13:46:00,773 INFO (GridManager.java:30)- Initialize gridMap: {}
2024-03-22 13:46:00,800 INFO (TaskListManager.java:48)- Initialize taskListMap: {1=null, 2=null}
2024-03-22 13:46:01,194 INFO (OptionalLiveReloadServer.java:59)- LiveReload server is running on port 35729
2024-03-22 13:46:01,208 INFO (DirectJDKLog.java:173)- Starting ProtocolHandler ["http-nio-8080"]
2024-03-22 13:46:01,225 INFO (TomcatWebServer.java:220)- Tomcat started on port(s): 8080 (http) with context path '/YIDAGV'
2024-03-22 13:46:01,239 INFO (StartupInfoLogger.java:57)- Started Application in 3.073 seconds (process running for 3.498)
2024-03-22 13:46:03,824 WARN (ElevatorSocketBox.java:186)- Failed to connect to ElevatorSocketBox, try again later...
2024-03-22 13:46:07,435 INFO (DirectJDKLog.java:173)- Initializing Spring DispatcherServlet 'dispatcherServlet'
2024-03-22 13:46:07,437 INFO (FrameworkServlet.java:532)- Initializing Servlet 'dispatcherServlet'
2024-03-22 13:46:07,440 INFO (FrameworkServlet.java:554)- Completed initialization in 2 ms
2024-03-22 13:47:04,564 INFO (ElevatorSocketBox.java:134)- Closing Socket...
2024-03-22 13:47:04,565 WARN (ElevatorSocketBox.java:144)- Unsuccessful connection to ElevatorSocketBox
2024-03-22 13:47:04,566 INFO (ElevatorSocketBox.java:159)- All SocketThread has been terminated!
2024-03-22 13:47:08,450 INFO (StartupInfoLogger.java:51)- Starting Application using Java 19.0.1 with PID 54452 (/Users/michael/Documents/JavaProject/agv_WTools/target/classes started by michael in /Users/michael/Documents/JavaProject/agv_WTools)
2024-03-22 13:47:08,453 INFO (SpringApplication.java:634)- No active profile set, falling back to 1 default profile: "default"
2024-03-22 13:47:08,516 INFO (DeferredLog.java:250)- The Class-Path manifest attribute in /Users/michael/.m2/repository/com/mchange/c3p0/0.9.5.5/c3p0-0.9.5.5.jar referenced one or more files that do not exist: file:/Users/michael/.m2/repository/com/mchange/c3p0/0.9.5.5/mchange-commons-java-0.2.19.jar
2024-03-22 13:47:08,516 INFO (DeferredLog.java:250)- Devtools property defaults active! Set 'spring.devtools.add-properties' to 'false' to disable
2024-03-22 13:47:08,517 INFO (DeferredLog.java:250)- For additional web related logging consider setting the 'logging.level.web' property to 'DEBUG'
2024-03-22 13:47:09,771 INFO (TomcatWebServer.java:108)- Tomcat initialized with port(s): 8080 (http)
2024-03-22 13:47:09,779 INFO (DirectJDKLog.java:173)- Initializing ProtocolHandler ["http-nio-8080"]
2024-03-22 13:47:09,781 INFO (DirectJDKLog.java:173)- Starting service [Tomcat]
2024-03-22 13:47:09,781 INFO (DirectJDKLog.java:173)- Starting Servlet engine: [Apache Tomcat/10.1.10]
2024-03-22 13:47:09,836 INFO (DirectJDKLog.java:173)- Initializing Spring embedded WebApplicationContext
2024-03-22 13:47:09,836 INFO (ServletWebServerApplicationContext.java:291)- Root WebApplicationContext: initialization completed in 1319 ms
2024-03-22 13:47:09,919 INFO (Slf4jMLog.java:212)- MLog clients using slf4j logging.
2024-03-22 13:47:10,017 INFO (Slf4jMLog.java:212)- Initializing c3p0-0.9.5.5 [built 11-December-2019 22:18:33 -0800; debug? true; trace: 10]
2024-03-22 13:47:10,152 INFO (Slf4jMLog.java:212)- Initializing c3p0 pool... com.mchange.v2.c3p0.ComboPooledDataSource [ acquireIncrement -> 3, acquireRetryAttempts -> 30, acquireRetryDelay -> 1000, autoCommitOnClose -> false, automaticTestTable -> null, breakAfterAcquireFailure -> false, checkoutTimeout -> 0, connectionCustomizerClassName -> null, connectionTesterClassName -> com.mchange.v2.c3p0.impl.DefaultConnectionTester, contextClassLoaderSource -> caller, dataSourceName -> 2sbkq3b2rxuoz817owz0b|60acbe3, debugUnreturnedConnectionStackTraces -> true, description -> null, driverClass -> com.mysql.cj.jdbc.Driver, extensions -> {}, factoryClassLocation -> null, forceIgnoreUnresolvedTransactions -> false, forceSynchronousCheckins -> false, forceUseNamedDriverClass -> false, identityToken -> 2sbkq3b2rxuoz817owz0b|60acbe3, idleConnectionTestPeriod -> 0, initialPoolSize -> 3, jdbcUrl -> jdbc:mysql://localhost:3306/AGV_WTools?zeroDateTimeBehavior=convertToNull&serverTimezone=Asia/Taipei&characterEncoding=utf-8&useUnicode=true, maxAdministrativeTaskTime -> 0, maxConnectionAge -> 3600, maxIdleTime -> 0, maxIdleTimeExcessConnections -> 60, maxPoolSize -> 15, maxStatements -> 0, maxStatementsPerConnection -> 0, minPoolSize -> 3, numHelperThreads -> 3, preferredTestQuery -> null, privilegeSpawnedThreads -> false, properties -> {password=******, user=******}, propertyCycle -> 0, statementCacheNumDeferredCloseThreads -> 0, testConnectionOnCheckin -> false, testConnectionOnCheckout -> false, unreturnedConnectionTimeout -> 0, userOverrides -> {}, usesTraditionalReflectiveProxies -> false ]
2024-03-22 13:47:10,518 INFO (AGVManager.java:45)- Initialize agvMap: {1=AGV(id=1, status=null, place=null, battery=0, signal=0, iScan=false, task=null, taskStatus=NO_TASK, title=AMR_1, lastAgvSystemStatusData=null, iLowBattery=false, lowBatteryCount=0, reDispatchCount=0, tagError=false, fixAgvTagErrorCompleted=false, tagErrorDispatchCompleted=false, lastTaskBuffer=false, obstacleCount=0, iAlarm=false), 2=AGV(id=2, status=null, place=null, battery=0, signal=0, iScan=false, task=null, taskStatus=NO_TASK, title=AMR_2, lastAgvSystemStatusData=null, iLowBattery=false, lowBatteryCount=0, reDispatchCount=0, tagError=false, fixAgvTagErrorCompleted=false, tagErrorDispatchCompleted=false, lastTaskBuffer=false, obstacleCount=0, iAlarm=false), 3=AGV(id=3, status=null, place=null, battery=0, signal=0, iScan=false, task=null, taskStatus=NO_TASK, title=AMR_3, lastAgvSystemStatusData=null, iLowBattery=false, lowBatteryCount=0, reDispatchCount=0, tagError=false, fixAgvTagErrorCompleted=false, tagErrorDispatchCompleted=false, lastTaskBuffer=false, obstacleCount=0, iAlarm=false)}
2024-03-22 13:47:10,532 INFO (GridManager.java:30)- Initialize gridMap: {}
2024-03-22 13:47:10,558 INFO (TaskListManager.java:48)- Initialize taskListMap: {1=null, 2=null}
2024-03-22 13:47:10,960 INFO (OptionalLiveReloadServer.java:59)- LiveReload server is running on port 35729
2024-03-22 13:47:10,972 INFO (DirectJDKLog.java:173)- Starting ProtocolHandler ["http-nio-8080"]
2024-03-22 13:47:10,987 INFO (TomcatWebServer.java:220)- Tomcat started on port(s): 8080 (http) with context path '/YIDAGV'
2024-03-22 13:47:10,999 INFO (StartupInfoLogger.java:57)- Started Application in 3.067 seconds (process running for 3.564)
2024-03-22 13:47:11,422 INFO (DirectJDKLog.java:173)- Initializing Spring DispatcherServlet 'dispatcherServlet'
2024-03-22 13:47:11,423 INFO (FrameworkServlet.java:532)- Initializing Servlet 'dispatcherServlet'
2024-03-22 13:47:11,424 INFO (FrameworkServlet.java:554)- Completed initialization in 1 ms
2024-03-22 13:47:13,586 WARN (ElevatorSocketBox.java:186)- Failed to connect to ElevatorSocketBox, try again later...
2024-03-22 13:53:21,392 INFO (ElevatorSocketBox.java:134)- Closing Socket...
2024-03-22 13:53:21,393 WARN (ElevatorSocketBox.java:144)- Unsuccessful connection to ElevatorSocketBox
2024-03-22 13:53:21,394 INFO (ElevatorSocketBox.java:159)- All SocketThread has been terminated!
2024-03-22 13:53:27,019 INFO (StartupInfoLogger.java:51)- Starting Application using Java 19.0.1 with PID 54541 (/Users/michael/Documents/JavaProject/agv_WTools/target/classes started by michael in /Users/michael/Documents/JavaProject/agv_WTools)
2024-03-22 13:53:27,021 INFO (SpringApplication.java:634)- No active profile set, falling back to 1 default profile: "default"
2024-03-22 13:53:27,087 INFO (DeferredLog.java:250)- The Class-Path manifest attribute in /Users/michael/.m2/repository/com/mchange/c3p0/0.9.5.5/c3p0-0.9.5.5.jar referenced one or more files that do not exist: file:/Users/michael/.m2/repository/com/mchange/c3p0/0.9.5.5/mchange-commons-java-0.2.19.jar
2024-03-22 13:53:27,088 INFO (DeferredLog.java:250)- Devtools property defaults active! Set 'spring.devtools.add-properties' to 'false' to disable
2024-03-22 13:53:27,088 INFO (DeferredLog.java:250)- For additional web related logging consider setting the 'logging.level.web' property to 'DEBUG'
2024-03-22 13:53:28,201 INFO (TomcatWebServer.java:108)- Tomcat initialized with port(s): 8080 (http)
2024-03-22 13:53:28,208 INFO (DirectJDKLog.java:173)- Initializing ProtocolHandler ["http-nio-8080"]
2024-03-22 13:53:28,210 INFO (DirectJDKLog.java:173)- Starting service [Tomcat]
2024-03-22 13:53:28,210 INFO (DirectJDKLog.java:173)- Starting Servlet engine: [Apache Tomcat/10.1.10]
2024-03-22 13:53:28,261 INFO (DirectJDKLog.java:173)- Initializing Spring embedded WebApplicationContext
2024-03-22 13:53:28,279 INFO (ServletWebServerApplicationContext.java:291)- Root WebApplicationContext: initialization completed in 1190 ms
2024-03-22 13:53:28,360 INFO (Slf4jMLog.java:212)- MLog clients using slf4j logging.
2024-03-22 13:53:28,450 INFO (Slf4jMLog.java:212)- Initializing c3p0-0.9.5.5 [built 11-December-2019 22:18:33 -0800; debug? true; trace: 10]
2024-03-22 13:53:28,579 INFO (Slf4jMLog.java:212)- Initializing c3p0 pool... com.mchange.v2.c3p0.ComboPooledDataSource [ acquireIncrement -> 3, acquireRetryAttempts -> 30, acquireRetryDelay -> 1000, autoCommitOnClose -> false, automaticTestTable -> null, breakAfterAcquireFailure -> false, checkoutTimeout -> 0, connectionCustomizerClassName -> null, connectionTesterClassName -> com.mchange.v2.c3p0.impl.DefaultConnectionTester, contextClassLoaderSource -> caller, dataSourceName -> 2sbkq3b2ry2sze1o2guir|7efe5e28, debugUnreturnedConnectionStackTraces -> true, description -> null, driverClass -> com.mysql.cj.jdbc.Driver, extensions -> {}, factoryClassLocation -> null, forceIgnoreUnresolvedTransactions -> false, forceSynchronousCheckins -> false, forceUseNamedDriverClass -> false, identityToken -> 2sbkq3b2ry2sze1o2guir|7efe5e28, idleConnectionTestPeriod -> 0, initialPoolSize -> 3, jdbcUrl -> jdbc:mysql://localhost:3306/AGV_WTools?zeroDateTimeBehavior=convertToNull&serverTimezone=Asia/Taipei&characterEncoding=utf-8&useUnicode=true, maxAdministrativeTaskTime -> 0, maxConnectionAge -> 3600, maxIdleTime -> 0, maxIdleTimeExcessConnections -> 60, maxPoolSize -> 15, maxStatements -> 0, maxStatementsPerConnection -> 0, minPoolSize -> 3, numHelperThreads -> 3, preferredTestQuery -> null, privilegeSpawnedThreads -> false, properties -> {password=******, user=******}, propertyCycle -> 0, statementCacheNumDeferredCloseThreads -> 0, testConnectionOnCheckin -> false, testConnectionOnCheckout -> false, unreturnedConnectionTimeout -> 0, userOverrides -> {}, usesTraditionalReflectiveProxies -> false ]
2024-03-22 13:53:28,925 INFO (AGVManager.java:45)- Initialize agvMap: {1=AGV(id=1, status=null, place=null, battery=0, signal=0, iScan=false, task=null, taskStatus=NO_TASK, title=AMR_1, lastAgvSystemStatusData=null, iLowBattery=false, lowBatteryCount=0, reDispatchCount=0, tagError=false, fixAgvTagErrorCompleted=false, tagErrorDispatchCompleted=false, lastTaskBuffer=false, obstacleCount=0, iAlarm=false), 2=AGV(id=2, status=null, place=null, battery=0, signal=0, iScan=false, task=null, taskStatus=NO_TASK, title=AMR_2, lastAgvSystemStatusData=null, iLowBattery=false, lowBatteryCount=0, reDispatchCount=0, tagError=false, fixAgvTagErrorCompleted=false, tagErrorDispatchCompleted=false, lastTaskBuffer=false, obstacleCount=0, iAlarm=false), 3=AGV(id=3, status=null, place=null, battery=0, signal=0, iScan=false, task=null, taskStatus=NO_TASK, title=AMR_3, lastAgvSystemStatusData=null, iLowBattery=false, lowBatteryCount=0, reDispatchCount=0, tagError=false, fixAgvTagErrorCompleted=false, tagErrorDispatchCompleted=false, lastTaskBuffer=false, obstacleCount=0, iAlarm=false)}
2024-03-22 13:53:28,935 INFO (GridManager.java:30)- Initialize gridMap: {}
2024-03-22 13:53:28,957 INFO (TaskListManager.java:48)- Initialize taskListMap: {1=null, 2=null}
2024-03-22 13:53:29,306 INFO (OptionalLiveReloadServer.java:59)- LiveReload server is running on port 35729
2024-03-22 13:53:29,316 INFO (DirectJDKLog.java:173)- Starting ProtocolHandler ["http-nio-8080"]
2024-03-22 13:53:29,330 INFO (TomcatWebServer.java:220)- Tomcat started on port(s): 8080 (http) with context path '/YIDAGV'
2024-03-22 13:53:29,340 INFO (StartupInfoLogger.java:57)- Started Application in 2.86 seconds (process running for 3.304)
2024-03-22 13:53:31,979 WARN (ElevatorSocketBox.java:186)- Failed to connect to ElevatorSocketBox, try again later...
2024-03-22 13:53:36,316 INFO (DirectJDKLog.java:173)- Initializing Spring DispatcherServlet 'dispatcherServlet'
2024-03-22 13:53:36,317 INFO (FrameworkServlet.java:532)- Initializing Servlet 'dispatcherServlet'
2024-03-22 13:53:36,319 INFO (FrameworkServlet.java:554)- Completed initialization in 1 ms
2024-03-22 14:25:40,889 INFO (ElevatorSocketBox.java:134)- Closing Socket...
2024-03-22 14:25:40,890 WARN (ElevatorSocketBox.java:144)- Unsuccessful connection to ElevatorSocketBox
2024-03-22 14:25:40,891 INFO (ElevatorSocketBox.java:159)- All SocketThread has been terminated!
2024-03-22 14:26:00,272 INFO (StartupInfoLogger.java:51)- Starting ApplicationTests using Java 19.0.1 with PID 54852 (started by michael in /Users/michael/Documents/JavaProject/agv_WTools)
2024-03-22 14:26:00,275 INFO (SpringApplication.java:634)- No active profile set, falling back to 1 default profile: "default"
2024-03-22 14:26:01,066 INFO (Slf4jMLog.java:212)- MLog clients using slf4j logging.
2024-03-22 14:26:01,186 INFO (Slf4jMLog.java:212)- Initializing c3p0-0.9.5.5 [built 11-December-2019 22:18:33 -0800; debug? true; trace: 10]
2024-03-22 14:26:01,315 INFO (Slf4jMLog.java:212)- Initializing c3p0 pool... com.mchange.v2.c3p0.ComboPooledDataSource [ acquireIncrement -> 3, acquireRetryAttempts -> 30, acquireRetryDelay -> 1000, autoCommitOnClose -> false, automaticTestTable -> null, breakAfterAcquireFailure -> false, checkoutTimeout -> 0, connectionCustomizerClassName -> null, connectionTesterClassName -> com.mchange.v2.c3p0.impl.DefaultConnectionTester, contextClassLoaderSource -> caller, dataSourceName -> 2sbkq3b2rz8npn8sr04k|101a461c, debugUnreturnedConnectionStackTraces -> true, description -> null, driverClass -> com.mysql.cj.jdbc.Driver, extensions -> {}, factoryClassLocation -> null, forceIgnoreUnresolvedTransactions -> false, forceSynchronousCheckins -> false, forceUseNamedDriverClass -> false, identityToken -> 2sbkq3b2rz8npn8sr04k|101a461c, idleConnectionTestPeriod -> 0, initialPoolSize -> 3, jdbcUrl -> jdbc:mysql://localhost:3306/AGV_WTools?zeroDateTimeBehavior=convertToNull&serverTimezone=Asia/Taipei&characterEncoding=utf-8&useUnicode=true, maxAdministrativeTaskTime -> 0, maxConnectionAge -> 3600, maxIdleTime -> 0, maxIdleTimeExcessConnections -> 60, maxPoolSize -> 15, maxStatements -> 0, maxStatementsPerConnection -> 0, minPoolSize -> 3, numHelperThreads -> 3, preferredTestQuery -> null, privilegeSpawnedThreads -> false, properties -> {password=******, user=******}, propertyCycle -> 0, statementCacheNumDeferredCloseThreads -> 0, testConnectionOnCheckin -> false, testConnectionOnCheckout -> false, unreturnedConnectionTimeout -> 0, userOverrides -> {}, usesTraditionalReflectiveProxies -> false ]
2024-03-22 14:26:01,738 INFO (AGVManager.java:45)- Initialize agvMap: {1=AGV(id=1, status=null, place=null, battery=0, signal=0, iScan=false, task=null, taskStatus=NO_TASK, title=AMR_1, lastAgvSystemStatusData=null, iLowBattery=false, lowBatteryCount=0, reDispatchCount=0, tagError=false, fixAgvTagErrorCompleted=false, tagErrorDispatchCompleted=false, lastTaskBuffer=false, obstacleCount=0, iAlarm=false), 2=AGV(id=2, status=null, place=null, battery=0, signal=0, iScan=false, task=null, taskStatus=NO_TASK, title=AMR_2, lastAgvSystemStatusData=null, iLowBattery=false, lowBatteryCount=0, reDispatchCount=0, tagError=false, fixAgvTagErrorCompleted=false, tagErrorDispatchCompleted=false, lastTaskBuffer=false, obstacleCount=0, iAlarm=false), 3=AGV(id=3, status=null, place=null, battery=0, signal=0, iScan=false, task=null, taskStatus=NO_TASK, title=AMR_3, lastAgvSystemStatusData=null, iLowBattery=false, lowBatteryCount=0, reDispatchCount=0, tagError=false, fixAgvTagErrorCompleted=false, tagErrorDispatchCompleted=false, lastTaskBuffer=false, obstacleCount=0, iAlarm=false)}
2024-03-22 14:26:01,750 INFO (GridManager.java:30)- Initialize gridMap: {}
2024-03-22 14:26:01,777 INFO (TaskListManager.java:48)- Initialize taskListMap: {1=null, 2=null}
2024-03-22 14:26:02,271 INFO (StartupInfoLogger.java:57)- Started ApplicationTests in 2.393 seconds (process running for 3.214)
2024-03-22 14:26:02,344 WARN (AGVInstantStatus.java:443)- Traffic Control is not connected
2024-03-22 14:26:03,047 INFO (ElevatorSocketBox.java:134)- Closing Socket...
2024-03-22 14:26:03,047 WARN (ElevatorSocketBox.java:144)- Unsuccessful connection to ElevatorSocketBox
2024-03-22 14:26:03,049 INFO (ElevatorSocketBox.java:159)- All SocketThread has been terminated!
2024-03-22 14:26:03,049 WARN (ElevatorSocketBox.java:186)- Failed to connect to ElevatorSocketBox, try again later...
2024-03-22 14:27:57,633 INFO (StartupInfoLogger.java:51)- Starting ApplicationTests using Java 19.0.1 with PID 54886 (started by michael in /Users/michael/Documents/JavaProject/agv_WTools)
2024-03-22 14:27:57,635 INFO (SpringApplication.java:634)- No active profile set, falling back to 1 default profile: "default"
2024-03-22 14:27:58,324 INFO (Slf4jMLog.java:212)- MLog clients using slf4j logging.
2024-03-22 14:27:58,433 INFO (Slf4jMLog.java:212)- Initializing c3p0-0.9.5.5 [built 11-December-2019 22:18:33 -0800; debug? true; trace: 10]
2024-03-22 14:27:58,564 INFO (Slf4jMLog.java:212)- Initializing c3p0 pool... com.mchange.v2.c3p0.ComboPooledDataSource [ acquireIncrement -> 3, acquireRetryAttempts -> 30, acquireRetryDelay -> 1000, autoCommitOnClose -> false, automaticTestTable -> null, breakAfterAcquireFailure -> false, checkoutTimeout -> 0, connectionCustomizerClassName -> null, connectionTesterClassName -> com.mchange.v2.c3p0.impl.DefaultConnectionTester, contextClassLoaderSource -> caller, dataSourceName -> 2sbkq3b2rzb66nwnc11w|2da16263, debugUnreturnedConnectionStackTraces -> true, description -> null, driverClass -> com.mysql.cj.jdbc.Driver, extensions -> {}, factoryClassLocation -> null, forceIgnoreUnresolvedTransactions -> false, forceSynchronousCheckins -> false, forceUseNamedDriverClass -> false, identityToken -> 2sbkq3b2rzb66nwnc11w|2da16263, idleConnectionTestPeriod -> 0, initialPoolSize -> 3, jdbcUrl -> jdbc:mysql://localhost:3306/AGV_WTools?zeroDateTimeBehavior=convertToNull&serverTimezone=Asia/Taipei&characterEncoding=utf-8&useUnicode=true, maxAdministrativeTaskTime -> 0, maxConnectionAge -> 3600, maxIdleTime -> 0, maxIdleTimeExcessConnections -> 60, maxPoolSize -> 15, maxStatements -> 0, maxStatementsPerConnection -> 0, minPoolSize -> 3, numHelperThreads -> 3, preferredTestQuery -> null, privilegeSpawnedThreads -> false, properties -> {password=******, user=******}, propertyCycle -> 0, statementCacheNumDeferredCloseThreads -> 0, testConnectionOnCheckin -> false, testConnectionOnCheckout -> false, unreturnedConnectionTimeout -> 0, userOverrides -> {}, usesTraditionalReflectiveProxies -> false ]
2024-03-22 14:27:58,999 INFO (AGVManager.java:45)- Initialize agvMap: {1=AGV(id=1, status=null, place=null, battery=0, signal=0, iScan=false, task=null, taskStatus=NO_TASK, title=AMR_1, lastAgvSystemStatusData=null, iLowBattery=false, lowBatteryCount=0, reDispatchCount=0, tagError=false, fixAgvTagErrorCompleted=false, tagErrorDispatchCompleted=false, lastTaskBuffer=false, obstacleCount=0, iAlarm=false), 2=AGV(id=2, status=null, place=null, battery=0, signal=0, iScan=false, task=null, taskStatus=NO_TASK, title=AMR_2, lastAgvSystemStatusData=null, iLowBattery=false, lowBatteryCount=0, reDispatchCount=0, tagError=false, fixAgvTagErrorCompleted=false, tagErrorDispatchCompleted=false, lastTaskBuffer=false, obstacleCount=0, iAlarm=false), 3=AGV(id=3, status=null, place=null, battery=0, signal=0, iScan=false, task=null, taskStatus=NO_TASK, title=AMR_3, lastAgvSystemStatusData=null, iLowBattery=false, lowBatteryCount=0, reDispatchCount=0, tagError=false, fixAgvTagErrorCompleted=false, tagErrorDispatchCompleted=false, lastTaskBuffer=false, obstacleCount=0, iAlarm=false)}
2024-03-22 14:27:59,011 INFO (GridManager.java:30)- Initialize gridMap: {}
2024-03-22 14:27:59,040 INFO (TaskListManager.java:48)- Initialize taskListMap: {1=null, 2=null}
2024-03-22 14:27:59,509 INFO (StartupInfoLogger.java:57)- Started ApplicationTests in 2.221 seconds (process running for 2.921)
2024-03-22 14:27:59,574 WARN (AGVInstantStatus.java:443)- Traffic Control is not connected
2024-03-22 14:28:00,265 INFO (ElevatorSocketBox.java:134)- Closing Socket...
2024-03-22 14:28:00,266 WARN (ElevatorSocketBox.java:144)- Unsuccessful connection to ElevatorSocketBox
2024-03-22 14:28:00,267 INFO (ElevatorSocketBox.java:159)- All SocketThread has been terminated!
2024-03-22 14:28:00,267 WARN (ElevatorSocketBox.java:186)- Failed to connect to ElevatorSocketBox, try again later...
2024-03-22 14:49:56,583 INFO (StartupInfoLogger.java:51)- Starting ApplicationTests using Java 19.0.1 with PID 55112 (started by michael in /Users/michael/Documents/JavaProject/agv_WTools)
2024-03-22 14:49:56,586 INFO (SpringApplication.java:634)- No active profile set, falling back to 1 default profile: "default"
2024-03-22 14:49:57,572 INFO (Slf4jMLog.java:212)- MLog clients using slf4j logging.
2024-03-22 14:49:57,703 INFO (Slf4jMLog.java:212)- Initializing c3p0-0.9.5.5 [built 11-December-2019 22:18:33 -0800; debug? true; trace: 10]
2024-03-22 14:49:57,844 INFO (Slf4jMLog.java:212)- Initializing c3p0 pool... com.mchange.v2.c3p0.ComboPooledDataSource [ acquireIncrement -> 3, acquireRetryAttempts -> 30, acquireRetryDelay -> 1000, autoCommitOnClose -> false, automaticTestTable -> null, breakAfterAcquireFailure -> false, checkoutTimeout -> 0, connectionCustomizerClassName -> null, connectionTesterClassName -> com.mchange.v2.c3p0.impl.DefaultConnectionTester, contextClassLoaderSource -> caller, dataSourceName -> 2sbkq3b2s03g4l1xarki5|47e51549, debugUnreturnedConnectionStackTraces -> true, description -> null, driverClass -> com.mysql.cj.jdbc.Driver, extensions -> {}, factoryClassLocation -> null, forceIgnoreUnresolvedTransactions -> false, forceSynchronousCheckins -> false, forceUseNamedDriverClass -> false, identityToken -> 2sbkq3b2s03g4l1xarki5|47e51549, idleConnectionTestPeriod -> 0, initialPoolSize -> 3, jdbcUrl -> jdbc:mysql://localhost:3306/AGV_WTools?zeroDateTimeBehavior=convertToNull&serverTimezone=Asia/Taipei&characterEncoding=utf-8&useUnicode=true, maxAdministrativeTaskTime -> 0, maxConnectionAge -> 3600, maxIdleTime -> 0, maxIdleTimeExcessConnections -> 60, maxPoolSize -> 15, maxStatements -> 0, maxStatementsPerConnection -> 0, minPoolSize -> 3, numHelperThreads -> 3, preferredTestQuery -> null, privilegeSpawnedThreads -> false, properties -> {password=******, user=******}, propertyCycle -> 0, statementCacheNumDeferredCloseThreads -> 0, testConnectionOnCheckin -> false, testConnectionOnCheckout -> false, unreturnedConnectionTimeout -> 0, userOverrides -> {}, usesTraditionalReflectiveProxies -> false ]
2024-03-22 14:49:58,323 INFO (AGVManager.java:45)- Initialize agvMap: {1=AGV(id=1, status=null, place=null, battery=0, signal=0, iScan=false, task=null, taskStatus=NO_TASK, title=AMR_1, lastAgvSystemStatusData=null, iLowBattery=false, lowBatteryCount=0, reDispatchCount=0, tagError=false, fixAgvTagErrorCompleted=false, tagErrorDispatchCompleted=false, lastTaskBuffer=false, obstacleCount=0, iAlarm=false), 2=AGV(id=2, status=null, place=null, battery=0, signal=0, iScan=false, task=null, taskStatus=NO_TASK, title=AMR_2, lastAgvSystemStatusData=null, iLowBattery=false, lowBatteryCount=0, reDispatchCount=0, tagError=false, fixAgvTagErrorCompleted=false, tagErrorDispatchCompleted=false, lastTaskBuffer=false, obstacleCount=0, iAlarm=false), 3=AGV(id=3, status=null, place=null, battery=0, signal=0, iScan=false, task=null, taskStatus=NO_TASK, title=AMR_3, lastAgvSystemStatusData=null, iLowBattery=false, lowBatteryCount=0, reDispatchCount=0, tagError=false, fixAgvTagErrorCompleted=false, tagErrorDispatchCompleted=false, lastTaskBuffer=false, obstacleCount=0, iAlarm=false)}
2024-03-22 14:49:58,339 INFO (GridManager.java:30)- Initialize gridMap: {}
2024-03-22 14:49:58,372 INFO (TaskListManager.java:48)- Initialize taskListMap: {1=null, 2=null}
2024-03-22 14:49:58,974 INFO (StartupInfoLogger.java:57)- Started ApplicationTests in 2.852 seconds (process running for 4.274)
2024-03-22 14:49:59,059 WARN (AGVInstantStatus.java:443)- Traffic Control is not connected
2024-03-22 14:49:59,919 INFO (ElevatorSocketBox.java:134)- Closing Socket...
2024-03-22 14:49:59,919 WARN (ElevatorSocketBox.java:144)- Unsuccessful connection to ElevatorSocketBox
2024-03-22 14:49:59,921 INFO (ElevatorSocketBox.java:159)- All SocketThread has been terminated!
2024-03-22 14:49:59,921 WARN (ElevatorSocketBox.java:186)- Failed to connect to ElevatorSocketBox, try again later...
2024-03-22 15:06:27,523 INFO (StartupInfoLogger.java:51)- Starting ApplicationTests using Java 19.0.1 with PID 55282 (started by michael in /Users/michael/Documents/JavaProject/agv_WTools)
2024-03-22 15:06:27,527 INFO (SpringApplication.java:634)- No active profile set, falling back to 1 default profile: "default"
2024-03-22 15:06:28,349 INFO (Slf4jMLog.java:212)- MLog clients using slf4j logging.
2024-03-22 15:06:28,462 INFO (Slf4jMLog.java:212)- Initializing c3p0-0.9.5.5 [built 11-December-2019 22:18:33 -0800; debug? true; trace: 10]
2024-03-22 15:06:28,612 INFO (Slf4jMLog.java:212)- Initializing c3p0 pool... com.mchange.v2.c3p0.ComboPooledDataSource [ acquireIncrement -> 3, acquireRetryAttempts -> 30, acquireRetryDelay -> 1000, autoCommitOnClose -> false, automaticTestTable -> null, breakAfterAcquireFailure -> false, checkoutTimeout -> 0, connectionCustomizerClassName -> null, connectionTesterClassName -> com.mchange.v2.c3p0.impl.DefaultConnectionTester, contextClassLoaderSource -> caller, dataSourceName -> 2sbkq3b2s0oom55903oq|47e51549, debugUnreturnedConnectionStackTraces -> true, description -> null, driverClass -> com.mysql.cj.jdbc.Driver, extensions -> {}, factoryClassLocation -> null, forceIgnoreUnresolvedTransactions -> false, forceSynchronousCheckins -> false, forceUseNamedDriverClass -> false, identityToken -> 2sbkq3b2s0oom55903oq|47e51549, idleConnectionTestPeriod -> 0, initialPoolSize -> 3, jdbcUrl -> jdbc:mysql://localhost:3306/AGV_WTools?zeroDateTimeBehavior=convertToNull&serverTimezone=Asia/Taipei&characterEncoding=utf-8&useUnicode=true, maxAdministrativeTaskTime -> 0, maxConnectionAge -> 3600, maxIdleTime -> 0, maxIdleTimeExcessConnections -> 60, maxPoolSize -> 15, maxStatements -> 0, maxStatementsPerConnection -> 0, minPoolSize -> 3, numHelperThreads -> 3, preferredTestQuery -> null, privilegeSpawnedThreads -> false, properties -> {password=******, user=******}, propertyCycle -> 0, statementCacheNumDeferredCloseThreads -> 0, testConnectionOnCheckin -> false, testConnectionOnCheckout -> false, unreturnedConnectionTimeout -> 0, userOverrides -> {}, usesTraditionalReflectiveProxies -> false ]
2024-03-22 15:06:29,087 INFO (AGVManager.java:45)- Initialize agvMap: {1=AGV(id=1, status=null, place=null, battery=0, signal=0, iScan=false, task=null, taskStatus=NO_TASK, title=AMR_1, lastAgvSystemStatusData=null, iLowBattery=false, lowBatteryCount=0, reDispatchCount=0, tagError=false, fixAgvTagErrorCompleted=false, tagErrorDispatchCompleted=false, lastTaskBuffer=false, obstacleCount=0, iAlarm=false), 2=AGV(id=2, status=null, place=null, battery=0, signal=0, iScan=false, task=null, taskStatus=NO_TASK, title=AMR_2, lastAgvSystemStatusData=null, iLowBattery=false, lowBatteryCount=0, reDispatchCount=0, tagError=false, fixAgvTagErrorCompleted=false, tagErrorDispatchCompleted=false, lastTaskBuffer=false, obstacleCount=0, iAlarm=false), 3=AGV(id=3, status=null, place=null, battery=0, signal=0, iScan=false, task=null, taskStatus=NO_TASK, title=AMR_3, lastAgvSystemStatusData=null, iLowBattery=false, lowBatteryCount=0, reDispatchCount=0, tagError=false, fixAgvTagErrorCompleted=false, tagErrorDispatchCompleted=false, lastTaskBuffer=false, obstacleCount=0, iAlarm=false)}
2024-03-22 15:06:29,101 INFO (GridManager.java:30)- Initialize gridMap: {}
2024-03-22 15:06:29,129 INFO (TaskListManager.java:48)- Initialize taskListMap: {1=null, 2=null}
2024-03-22 15:06:29,682 INFO (StartupInfoLogger.java:57)- Started ApplicationTests in 2.579 seconds (process running for 3.46)
2024-03-22 15:06:29,766 WARN (AGVInstantStatus.java:443)- Traffic Control is not connected
2024-03-22 15:06:30,759 INFO (ElevatorSocketBox.java:134)- Closing Socket...
2024-03-22 15:06:30,759 WARN (ElevatorSocketBox.java:144)- Unsuccessful connection to ElevatorSocketBox
2024-03-22 15:06:30,761 INFO (ElevatorSocketBox.java:159)- All SocketThread has been terminated!
2024-03-22 15:06:30,761 WARN (ElevatorSocketBox.java:186)- Failed to connect to ElevatorSocketBox, try again later...
2024-03-22 15:40:12,375 INFO (StartupInfoLogger.java:51)- Starting Application using Java 19.0.1 with PID 55593 (/Users/michael/Documents/JavaProject/agv_WTools/target/classes started by michael in /Users/michael/Documents/JavaProject/agv_WTools)
2024-03-22 15:40:12,377 INFO (SpringApplication.java:634)- No active profile set, falling back to 1 default profile: "default"
2024-03-22 15:40:12,431 INFO (DeferredLog.java:250)- The Class-Path manifest attribute in /Users/michael/.m2/repository/com/mchange/c3p0/0.9.5.5/c3p0-0.9.5.5.jar referenced one or more files that do not exist: file:/Users/michael/.m2/repository/com/mchange/c3p0/0.9.5.5/mchange-commons-java-0.2.19.jar
2024-03-22 15:40:12,432 INFO (DeferredLog.java:250)- Devtools property defaults active! Set 'spring.devtools.add-properties' to 'false' to disable
2024-03-22 15:40:12,432 INFO (DeferredLog.java:250)- For additional web related logging consider setting the 'logging.level.web' property to 'DEBUG'
2024-03-22 15:40:13,476 INFO (TomcatWebServer.java:108)- Tomcat initialized with port(s): 8080 (http)
2024-03-22 15:40:13,484 INFO (DirectJDKLog.java:173)- Initializing ProtocolHandler ["http-nio-8080"]
2024-03-22 15:40:13,487 INFO (DirectJDKLog.java:173)- Starting service [Tomcat]
2024-03-22 15:40:13,487 INFO (DirectJDKLog.java:173)- Starting Servlet engine: [Apache Tomcat/10.1.10]
2024-03-22 15:40:13,544 INFO (DirectJDKLog.java:173)- Initializing Spring embedded WebApplicationContext
2024-03-22 15:40:13,545 INFO (ServletWebServerApplicationContext.java:291)- Root WebApplicationContext: initialization completed in 1113 ms
2024-03-22 15:40:13,628 INFO (Slf4jMLog.java:212)- MLog clients using slf4j logging.
2024-03-22 15:40:13,708 INFO (Slf4jMLog.java:212)- Initializing c3p0-0.9.5.5 [built 11-December-2019 22:18:33 -0800; debug? true; trace: 10]
2024-03-22 15:40:13,824 INFO (Slf4jMLog.java:212)- Initializing c3p0 pool... com.mchange.v2.c3p0.ComboPooledDataSource [ acquireIncrement -> 3, acquireRetryAttempts -> 30, acquireRetryDelay -> 1000, autoCommitOnClose -> false, automaticTestTable -> null, breakAfterAcquireFailure -> false, checkoutTimeout -> 0, connectionCustomizerClassName -> null, connectionTesterClassName -> com.mchange.v2.c3p0.impl.DefaultConnectionTester, contextClassLoaderSource -> caller, dataSourceName -> 2sbkq3b2s1w3bieczok4|62284d08, debugUnreturnedConnectionStackTraces -> true, description -> null, driverClass -> com.mysql.cj.jdbc.Driver, extensions -> {}, factoryClassLocation -> null, forceIgnoreUnresolvedTransactions -> false, forceSynchronousCheckins -> false, forceUseNamedDriverClass -> false, identityToken -> 2sbkq3b2s1w3bieczok4|62284d08, idleConnectionTestPeriod -> 0, initialPoolSize -> 3, jdbcUrl -> jdbc:mysql://localhost:3306/AGV_WTools?zeroDateTimeBehavior=convertToNull&serverTimezone=Asia/Taipei&characterEncoding=utf-8&useUnicode=true, maxAdministrativeTaskTime -> 0, maxConnectionAge -> 3600, maxIdleTime -> 0, maxIdleTimeExcessConnections -> 60, maxPoolSize -> 15, maxStatements -> 0, maxStatementsPerConnection -> 0, minPoolSize -> 3, numHelperThreads -> 3, preferredTestQuery -> null, privilegeSpawnedThreads -> false, properties -> {password=******, user=******}, propertyCycle -> 0, statementCacheNumDeferredCloseThreads -> 0, testConnectionOnCheckin -> false, testConnectionOnCheckout -> false, unreturnedConnectionTimeout -> 0, userOverrides -> {}, usesTraditionalReflectiveProxies -> false ]
2024-03-22 15:40:14,261 INFO (AGVManager.java:45)- Initialize agvMap: {1=AGV(id=1, status=null, place=null, battery=0, signal=0, iScan=false, task=null, taskStatus=NO_TASK, title=AMR_1, lastAgvSystemStatusData=null, iLowBattery=false, lowBatteryCount=0, reDispatchCount=0, tagError=false, fixAgvTagErrorCompleted=false, tagErrorDispatchCompleted=false, lastTaskBuffer=false, obstacleCount=0, iAlarm=false), 2=AGV(id=2, status=null, place=null, battery=0, signal=0, iScan=false, task=null, taskStatus=NO_TASK, title=AMR_2, lastAgvSystemStatusData=null, iLowBattery=false, lowBatteryCount=0, reDispatchCount=0, tagError=false, fixAgvTagErrorCompleted=false, tagErrorDispatchCompleted=false, lastTaskBuffer=false, obstacleCount=0, iAlarm=false), 3=AGV(id=3, status=null, place=null, battery=0, signal=0, iScan=false, task=null, taskStatus=NO_TASK, title=AMR_3, lastAgvSystemStatusData=null, iLowBattery=false, lowBatteryCount=0, reDispatchCount=0, tagError=false, fixAgvTagErrorCompleted=false, tagErrorDispatchCompleted=false, lastTaskBuffer=false, obstacleCount=0, iAlarm=false)}
2024-03-22 15:40:14,275 INFO (GridManager.java:30)- Initialize gridMap: {}
2024-03-22 15:40:14,310 INFO (TaskListManager.java:48)- Initialize taskListMap: {1=null, 2=null}
2024-03-22 15:40:14,799 INFO (OptionalLiveReloadServer.java:59)- LiveReload server is running on port 35729
2024-03-22 15:40:14,813 INFO (DirectJDKLog.java:173)- Starting ProtocolHandler ["http-nio-8080"]
2024-03-22 15:40:14,830 INFO (TomcatWebServer.java:220)- Tomcat started on port(s): 8080 (http) with context path '/YIDAGV'
2024-03-22 15:40:14,842 INFO (StartupInfoLogger.java:57)- Started Application in 2.983 seconds (process running for 3.412)
2024-03-22 15:40:14,912 WARN (AGVInstantStatus.java:443)- Traffic Control is not connected
2024-03-22 15:40:17,344 WARN (ElevatorSocketBox.java:186)- Failed to connect to ElevatorSocketBox, try again later...
2024-03-22 15:40:31,424 INFO (DirectJDKLog.java:173)- Initializing Spring DispatcherServlet 'dispatcherServlet'
2024-03-22 15:40:31,425 INFO (FrameworkServlet.java:532)- Initializing Servlet 'dispatcherServlet'
2024-03-22 15:40:31,426 INFO (FrameworkServlet.java:554)- Completed initialization in 1 ms
2024-03-22 15:43:15,430 INFO (ElevatorSocketBox.java:134)- Closing Socket...
2024-03-22 15:43:15,431 WARN (ElevatorSocketBox.java:144)- Unsuccessful connection to ElevatorSocketBox
2024-03-22 15:43:15,432 INFO (ElevatorSocketBox.java:159)- All SocketThread has been terminated!
